

Microchip MPLAB XC8 Assembler V2.46 build 20240104201356 
                                                                                               Sat Jun 15 02:48:08 2024

Microchip MPLAB XC8 C Compiler v2.46 (Free license) build 20240104201356 Og1 
     1                           	processor	18F4550
     2                           	fnconf	rparam,??,?,0
     3                           	pagewidth 120
     4                           	opt	flic
     5                           	psect	idataCOMRAM,global,class=CODE,delta=1,noexec
     6                           	psect	cinit,global,reloc=2,class=CODE,delta=1
     7                           	psect	dataCOMRAM,global,class=COMRAM,space=1,delta=1,lowdata,noexec
     8                           	psect	cstackCOMRAM,global,class=COMRAM,space=1,delta=1,lowdata,noexec
     9                           	psect	text0,global,reloc=2,class=CODE,delta=1
    10                           	psect	text1,global,reloc=2,class=CODE,delta=1
    11                           	psect	smallconst,global,reloc=2,class=SMALLCONST,delta=1,noexec
    12                           	psect	intsave_regs,global,class=BIGRAM,space=1,delta=1,noexec
    13                           	psect	rparam,global,class=COMRAM,space=1,delta=1,noexec
    14                           	psect	idloc,global,abs,ovrld,class=IDLOC,space=5,delta=1,noexec
    15                           	psect	config,global,abs,ovrld,class=CONFIG,space=4,delta=1,noexec
    16   000000                     
    17                           ; Version 2.20
    18                           ; Generated 12/02/2020 GMT
    19                           ; 
    20                           ; Copyright © 2020, Microchip Technology Inc. and its subsidiaries ("Microchip")
    21                           ; All rights reserved.
    22                           ; 
    23                           ; This software is developed by Microchip Technology Inc. and its subsidiaries ("Microch
      +                          ip").
    24                           ; 
    25                           ; Redistribution and use in source and binary forms, with or without modification, are
    26                           ; permitted provided that the following conditions are met:
    27                           ; 
    28                           ;     1. Redistributions of source code must retain the above copyright notice, this lis
      +                          t of
    29                           ;        conditions and the following disclaimer.
    30                           ; 
    31                           ;     2. Redistributions in binary form must reproduce the above copyright notice, this 
      +                          list
    32                           ;        of conditions and the following disclaimer in the documentation and/or other
    33                           ;        materials provided with the distribution.
    34                           ; 
    35                           ;     3. Microchip's name may not be used to endorse or promote products derived from th
      +                          is
    36                           ;        software without specific prior written permission.
    37                           ; 
    38                           ; THIS SOFTWARE IS PROVIDED BY MICROCHIP "AS IS" AND ANY EXPRESS OR IMPLIED WARRANTIES,
    39                           ; INCLUDING, BUT NOT LIMITED TO, THE IMPLIED WARRANTIES OF MERCHANTABILITY AND FITNESS F
      +                          OR
    40                           ; PURPOSE ARE DISCLAIMED.  IN NO EVENT SHALL MICROCHIP BE LIABLE FOR ANY DIRECT, INDIREC
      +                          T,
    41                           ; INCIDENTAL, SPECIAL, EXEMPLARY, OR CONSEQUENTIAL DAMAGES (INCLUDING BUT NOT LIMITED TO
    42                           ; PROCUREMENT OF SUBSTITUTE GOODS OR SERVICES; LOSS OF USE, DATA OR PROFITS; OR BUSINESS
    43                           ; INTERRUPTION) HOWSOEVER CAUSED AND ON ANY THEORY OF LIABILITY, WHETHER IN CONTRACT, ST
      +                          RICT
    44                           ; LIABILITY, OR TORT (INCLUDING NEGLIGENCE OR OTHERWISE) ARISING IN ANY WAY OUT OF THE U
      +                          SE OF
    45                           ; THIS SOFTWARE, EVEN IF ADVISED OF THE POSSIBILITY OF SUCH DAMAGE.
    46                           ; 
    47                           ; 
    48                           ; Code-generator required, PIC18F4550 Definitions
    49                           ; 
    50                           ; SFR Addresses
    51   000000                     
    52                           	psect	idataCOMRAM
    53   000884                     __pidataCOMRAM:
    54                           	callstack 0
    55                           
    56                           ;initializer for main@F3181
    57   000884  3F                 	db	63
    58   000885  06                 	db	6
    59   000886  5B                 	db	91
    60   000887  4F                 	db	79
    61   000888  66                 	db	102
    62   000889  6D                 	db	109
    63   00088A  7D                 	db	125
    64   00088B  07                 	db	7
    65   00088C  7F                 	db	127
    66   00088D  67                 	db	103
    67   00088E  77                 	db	119
    68   00088F  7C                 	db	124
    69   000890  39                 	db	57
    70   000891  5E                 	db	94
    71   000892  79                 	db	121
    72   000893  71                 	db	113
    73   000000                     _PORTB	set	3969
    74   000000                     _TRISB	set	3987
    75   000000                     _OSCCONbits	set	4051
    76                           
    77                           ; #config settings
    78                           
    79                           	psect	cinit
    80   00085E                     __pcinit:
    81                           	callstack 0
    82   00085E                     start_initialization:
    83                           	callstack 0
    84   00085E                     __initialization:
    85                           	callstack 0
    86                           
    87                           ; Initialize objects allocated to COMRAM (16 bytes)
    88                           ; load TBLPTR registers with __pidataCOMRAM
    89   00085E  0E84               	movlw	low __pidataCOMRAM
    90   000860  6EF6               	movwf	tblptrl,c
    91   000862  0E08               	movlw	high __pidataCOMRAM
    92   000864  6EF7               	movwf	tblptrh,c
    93   000866  0E00               	movlw	low (__pidataCOMRAM shr (0+16))
    94   000868  6EF8               	movwf	tblptru,c
    95   00086A  EE00  F014         	lfsr	0,__pdataCOMRAM
    96   00086E  EE10 F010          	lfsr	1,16
    97   000872                     copy_data0:
    98   000872  0009               	tblrd		*+
    99   000874  CFF5 FFEE          	movff	tablat,postinc0
   100   000878  50E5               	movf	postdec1,w,c
   101   00087A  50E1               	movf	fsr1l,w,c
   102   00087C  E1FA               	bnz	copy_data0
   103   00087E                     end_of_initialization:
   104                           	callstack 0
   105   00087E                     __end_of__initialization:
   106                           	callstack 0
   107   00087E  0100               	movlb	0
   108   000880  EF01  F004         	goto	_main	;jump to C main() function
   109                           
   110                           	psect	dataCOMRAM
   111   000014                     __pdataCOMRAM:
   112                           	callstack 0
   113   000014                     main@F3181:
   114                           	callstack 0
   115   000014                     	ds	16
   116                           
   117                           	psect	cstackCOMRAM
   118   000001                     __pcstackCOMRAM:
   119                           	callstack 0
   120   000001                     ??_main:
   121                           
   122                           ; 1 bytes @ 0x0
   123   000001                     	ds	2
   124   000003                     main@display_7seg:
   125                           	callstack 0
   126                           
   127                           ; 16 bytes @ 0x2
   128   000003                     	ds	16
   129   000013                     main@cont:
   130                           	callstack 0
   131                           
   132                           ; 1 bytes @ 0x12
   133   000013                     	ds	1
   134                           
   135 ;;
   136 ;;Main: autosize = 0, tempsize = 2, incstack = 0, save=0
   137 ;;
   138 ;; *************** function _main *****************
   139 ;; Defined at:
   140 ;;		line 18 in file "examen_c_MPLAB.c"
   141 ;; Parameters:    Size  Location     Type
   142 ;;		None
   143 ;; Auto vars:     Size  Location     Type
   144 ;;  display_7seg   16    2[COMRAM] unsigned char [16]
   145 ;;  cont            1   18[COMRAM] unsigned char 
   146 ;; Return value:  Size  Location     Type
   147 ;;                  1    wreg      void 
   148 ;; Registers used:
   149 ;;		wreg, fsr1l, fsr1h, fsr2l, fsr2h, status,2, status,0, cstack
   150 ;; Tracked objects:
   151 ;;		On entry : 0/0
   152 ;;		On exit  : 0/0
   153 ;;		Unchanged: 0/0
   154 ;; Data sizes:     COMRAM   BANK0   BANK1   BANK2   BANK3   BANK4   BANK5   BANK6   BANK7
   155 ;;      Params:         0       0       0       0       0       0       0       0       0
   156 ;;      Locals:        17       0       0       0       0       0       0       0       0
   157 ;;      Temps:          2       0       0       0       0       0       0       0       0
   158 ;;      Totals:        19       0       0       0       0       0       0       0       0
   159 ;;Total ram usage:       19 bytes
   160 ;; Hardware stack levels required when called: 1
   161 ;; This function calls:
   162 ;;		_configurarOscilador
   163 ;; This function is called by:
   164 ;;		Startup code after reset
   165 ;; This function uses a non-reentrant model
   166 ;;
   167                           
   168                           	psect	text0
   169   000802                     __ptext0:
   170                           	callstack 0
   171   000802                     _main:
   172                           	callstack 30
   173   000802                     
   174                           ;examen_c_MPLAB.c: 19:         PORTB = display_7seg[cont++];
   175   000802  EC4A  F004         	call	_configurarOscilador	;wreg free
   176   000806                     
   177                           ;examen_c_MPLAB.c: 22:     }
   178   000806  0E00               	movlw	0
   179   000808  6E93               	movwf	147,c	;volatile
   180   00080A                     
   181                           ;examen_c_MPLAB.c: 23: }
   182   00080A  EE20  F014         	lfsr	2,main@F3181
   183   00080E  EE10  F003         	lfsr	1,main@display_7seg
   184   000812  0E0F               	movlw	15
   185   000814                     u11:
   186   000814  CFDB FFE3          	movff	plusw2,plusw1
   187   000818  06E8               	decf	wreg,f,c
   188   00081A  E2FC               	bc	u11
   189   00081C                     l706:
   190   00081C  0E00               	movlw	0
   191   00081E  6E13               	movwf	main@cont^0,c
   192   000820                     l708:
   193   000820  5013               	movf	main@cont^0,w,c
   194   000822  0F03               	addlw	low main@display_7seg
   195   000824  6ED9               	movwf	fsr2l,c
   196   000826  6ADA               	clrf	fsr2h,c
   197   000828  50DF               	movf	indf2,w,c
   198   00082A  6E81               	movwf	129,c	;volatile
   199   00082C  2A13               	incf	main@cont^0,f,c
   200   00082E  0E0B               	movlw	11
   201   000830  6E02               	movwf	(??_main+1)^0,c
   202   000832  0E26               	movlw	38
   203   000834  6E01               	movwf	??_main^0,c
   204   000836  0E5E               	movlw	94
   205   000838                     u37:
   206   000838  2EE8               	decfsz	wreg,f,c
   207   00083A  D7FE               	bra	u37
   208   00083C  2E01               	decfsz	??_main^0,f,c
   209   00083E  D7FC               	bra	u37
   210   000840  2E02               	decfsz	(??_main+1)^0,f,c
   211   000842  D7FA               	bra	u37
   212   000844  0E10               	movlw	16
   213   000846  1813               	xorwf	main@cont^0,w,c
   214   000848  A4D8               	btfss	status,2,c
   215   00084A  EF29  F004         	goto	u21
   216   00084E  EF2B  F004         	goto	u20
   217   000852                     u21:
   218   000852  EF10  F004         	goto	l708
   219   000856                     u20:
   220   000856  EF0E  F004         	goto	l706
   221   00085A  EF00  F000         	goto	start
   222   00085E                     __end_of_main:
   223                           	callstack 0
   224                           
   225 ;; *************** function _configurarOscilador *****************
   226 ;; Defined at:
   227 ;;		line 13 in file "examen_c_MPLAB.c"
   228 ;; Parameters:    Size  Location     Type
   229 ;;		None
   230 ;; Auto vars:     Size  Location     Type
   231 ;;		None
   232 ;; Return value:  Size  Location     Type
   233 ;;                  1    wreg      void 
   234 ;; Registers used:
   235 ;;		wreg, status,2
   236 ;; Tracked objects:
   237 ;;		On entry : 0/0
   238 ;;		On exit  : 0/0
   239 ;;		Unchanged: 0/0
   240 ;; Data sizes:     COMRAM   BANK0   BANK1   BANK2   BANK3   BANK4   BANK5   BANK6   BANK7
   241 ;;      Params:         0       0       0       0       0       0       0       0       0
   242 ;;      Locals:         0       0       0       0       0       0       0       0       0
   243 ;;      Temps:          0       0       0       0       0       0       0       0       0
   244 ;;      Totals:         0       0       0       0       0       0       0       0       0
   245 ;;Total ram usage:        0 bytes
   246 ;; Hardware stack levels used: 1
   247 ;; This function calls:
   248 ;;		Nothing
   249 ;; This function is called by:
   250 ;;		_main
   251 ;; This function uses a non-reentrant model
   252 ;;
   253                           
   254                           	psect	text1
   255   000894                     __ptext1:
   256                           	callstack 0
   257   000894                     _configurarOscilador:
   258                           	callstack 30
   259   000894                     
   260                           ;examen_c_MPLAB.c: 14:         0x7F, 0x67, 0x77, 0x7C, 0x39, 0x5E, 0x79, 0x71
   261   000894  0E70               	movlw	112
   262   000896  12D3               	iorwf	211,f,c	;volatile
   263                           
   264                           ;examen_c_MPLAB.c: 15:     };
   265   000898  50D3               	movf	211,w,c	;volatile
   266   00089A  0BFC               	andlw	-4
   267   00089C  0902               	iorlw	2
   268   00089E  6ED3               	movwf	211,c	;volatile
   269   0008A0  0012               	return		;funcret
   270   0008A2                     __end_of_configurarOscilador:
   271                           	callstack 0
   272                           
   273                           	psect	smallconst
   274   000800                     __psmallconst:
   275                           	callstack 0
   276   000800  00                 	db	0
   277   000801  00                 	db	0	; dummy byte at the end
   278   000000                     
   279                           	psect	rparam
   280   000000                     
   281                           	psect	idloc
   282                           
   283                           ;Config register IDLOC0 @ 0x200000
   284                           ;	unspecified, using default values
   285   200000                     	org	2097152
   286   200000  FF                 	db	255
   287                           
   288                           ;Config register IDLOC1 @ 0x200001
   289                           ;	unspecified, using default values
   290   200001                     	org	2097153
   291   200001  FF                 	db	255
   292                           
   293                           ;Config register IDLOC2 @ 0x200002
   294                           ;	unspecified, using default values
   295   200002                     	org	2097154
   296   200002  FF                 	db	255
   297                           
   298                           ;Config register IDLOC3 @ 0x200003
   299                           ;	unspecified, using default values
   300   200003                     	org	2097155
   301   200003  FF                 	db	255
   302                           
   303                           ;Config register IDLOC4 @ 0x200004
   304                           ;	unspecified, using default values
   305   200004                     	org	2097156
   306   200004  FF                 	db	255
   307                           
   308                           ;Config register IDLOC5 @ 0x200005
   309                           ;	unspecified, using default values
   310   200005                     	org	2097157
   311   200005  FF                 	db	255
   312                           
   313                           ;Config register IDLOC6 @ 0x200006
   314                           ;	unspecified, using default values
   315   200006                     	org	2097158
   316   200006  FF                 	db	255
   317                           
   318                           ;Config register IDLOC7 @ 0x200007
   319                           ;	unspecified, using default values
   320   200007                     	org	2097159
   321   200007  FF                 	db	255
   322                           
   323                           	psect	config
   324                           
   325                           ;Config register CONFIG1L @ 0x300000
   326                           ;	unspecified, using default values
   327                           ;	PLL Prescaler Selection bits
   328                           ;	PLLDIV = 0x0, unprogrammed default
   329                           ;	System Clock Postscaler Selection bits
   330                           ;	CPUDIV = 0x0, unprogrammed default
   331                           ;	USB Clock Selection bit (used in Full-Speed USB mode only; UCFG:FSEN = 1)
   332                           ;	USBDIV = 0x0, unprogrammed default
   333   300000                     	org	3145728
   334   300000  00                 	db	0
   335                           
   336                           ;Config register CONFIG1H @ 0x300001
   337                           ;	Oscillator Selection bits
   338                           ;	FOSC = INTOSCIO_EC, Internal oscillator, port function on RA6, EC used by USB (INTIO)
   339                           ;	Fail-Safe Clock Monitor Enable bit
   340                           ;	FCMEN = 0x0, unprogrammed default
   341                           ;	Internal/External Oscillator Switchover bit
   342                           ;	IESO = 0x0, unprogrammed default
   343   300001                     	org	3145729
   344   300001  08                 	db	8
   345                           
   346                           ;Config register CONFIG2L @ 0x300002
   347                           ;	unspecified, using default values
   348                           ;	Power-up Timer Enable bit
   349                           ;	PWRT = 0x1, unprogrammed default
   350                           ;	Brown-out Reset Enable bits
   351                           ;	BOR = 0x3, unprogrammed default
   352                           ;	Brown-out Reset Voltage bits
   353                           ;	BORV = 0x3, unprogrammed default
   354                           ;	USB Voltage Regulator Enable bit
   355                           ;	VREGEN = 0x0, unprogrammed default
   356   300002                     	org	3145730
   357   300002  1F                 	db	31
   358                           
   359                           ;Config register CONFIG2H @ 0x300003
   360                           ;	Watchdog Timer Enable bit
   361                           ;	WDT = OFF, WDT disabled (control is placed on the SWDTEN bit)
   362                           ;	Watchdog Timer Postscale Select bits
   363                           ;	WDTPS = 0xF, unprogrammed default
   364   300003                     	org	3145731
   365   300003  1E                 	db	30
   366                           
   367                           ; Padding undefined space
   368   300004                     	org	3145732
   369   300004  FF                 	db	255
   370                           
   371                           ;Config register CONFIG3H @ 0x300005
   372                           ;	CCP2 MUX bit
   373                           ;	CCP2MX = 0x1, unprogrammed default
   374                           ;	PORTB A/D Enable bit
   375                           ;	PBADEN = OFF, PORTB<4:0> pins are configured as digital I/O on Reset
   376                           ;	Low-Power Timer 1 Oscillator Enable bit
   377                           ;	LPT1OSC = 0x0, unprogrammed default
   378                           ;	MCLR Pin Enable bit
   379                           ;	MCLRE = ON, MCLR pin enabled; RE3 input pin disabled
   380   300005                     	org	3145733
   381   300005  81                 	db	129
   382                           
   383                           ;Config register CONFIG4L @ 0x300006
   384                           ;	Stack Full/Underflow Reset Enable bit
   385                           ;	STVREN = 0x1, unprogrammed default
   386                           ;	Single-Supply ICSP Enable bit
   387                           ;	LVP = OFF, Single-Supply ICSP disabled
   388                           ;	Dedicated In-Circuit Debug/Programming Port (ICPORT) Enable bit
   389                           ;	ICPRT = 0x0, unprogrammed default
   390                           ;	Extended Instruction Set Enable bit
   391                           ;	XINST = OFF, Instruction set extension and Indexed Addressing mode disabled (Legacy mo
      +                          de)
   392                           ;	Background Debugger Enable bit
   393                           ;	DEBUG = 0x1, unprogrammed default
   394   300006                     	org	3145734
   395   300006  81                 	db	129
   396                           
   397                           ; Padding undefined space
   398   300007                     	org	3145735
   399   300007  FF                 	db	255
   400                           
   401                           ;Config register CONFIG5L @ 0x300008
   402                           ;	unspecified, using default values
   403                           ;	Code Protection bit
   404                           ;	CP0 = 0x1, unprogrammed default
   405                           ;	Code Protection bit
   406                           ;	CP1 = 0x1, unprogrammed default
   407                           ;	Code Protection bit
   408                           ;	CP2 = 0x1, unprogrammed default
   409                           ;	Code Protection bit
   410                           ;	CP3 = 0x1, unprogrammed default
   411   300008                     	org	3145736
   412   300008  0F                 	db	15
   413                           
   414                           ;Config register CONFIG5H @ 0x300009
   415                           ;	unspecified, using default values
   416                           ;	Boot Block Code Protection bit
   417                           ;	CPB = 0x1, unprogrammed default
   418                           ;	Data EEPROM Code Protection bit
   419                           ;	CPD = 0x1, unprogrammed default
   420   300009                     	org	3145737
   421   300009  C0                 	db	192
   422                           
   423                           ;Config register CONFIG6L @ 0x30000A
   424                           ;	unspecified, using default values
   425                           ;	Write Protection bit
   426                           ;	WRT0 = 0x1, unprogrammed default
   427                           ;	Write Protection bit
   428                           ;	WRT1 = 0x1, unprogrammed default
   429                           ;	Write Protection bit
   430                           ;	WRT2 = 0x1, unprogrammed default
   431                           ;	Write Protection bit
   432                           ;	WRT3 = 0x1, unprogrammed default
   433   30000A                     	org	3145738
   434   30000A  0F                 	db	15
   435                           
   436                           ;Config register CONFIG6H @ 0x30000B
   437                           ;	unspecified, using default values
   438                           ;	Configuration Register Write Protection bit
   439                           ;	WRTC = 0x1, unprogrammed default
   440                           ;	Boot Block Write Protection bit
   441                           ;	WRTB = 0x1, unprogrammed default
   442                           ;	Data EEPROM Write Protection bit
   443                           ;	WRTD = 0x1, unprogrammed default
   444   30000B                     	org	3145739
   445   30000B  E0                 	db	224
   446                           
   447                           ;Config register CONFIG7L @ 0x30000C
   448                           ;	unspecified, using default values
   449                           ;	Table Read Protection bit
   450                           ;	EBTR0 = 0x1, unprogrammed default
   451                           ;	Table Read Protection bit
   452                           ;	EBTR1 = 0x1, unprogrammed default
   453                           ;	Table Read Protection bit
   454                           ;	EBTR2 = 0x1, unprogrammed default
   455                           ;	Table Read Protection bit
   456                           ;	EBTR3 = 0x1, unprogrammed default
   457   30000C                     	org	3145740
   458   30000C  0F                 	db	15
   459                           
   460                           ;Config register CONFIG7H @ 0x30000D
   461                           ;	unspecified, using default values
   462                           ;	Boot Block Table Read Protection bit
   463                           ;	EBTRB = 0x1, unprogrammed default
   464   30000D                     	org	3145741
   465   30000D  40                 	db	64
   466                           tosu	equ	0xFFF
   467                           tosh	equ	0xFFE
   468                           tosl	equ	0xFFD
   469                           stkptr	equ	0xFFC
   470                           pclatu	equ	0xFFB
   471                           pclath	equ	0xFFA
   472                           pcl	equ	0xFF9
   473                           tblptru	equ	0xFF8
   474                           tblptrh	equ	0xFF7
   475                           tblptrl	equ	0xFF6
   476                           tablat	equ	0xFF5
   477                           prodh	equ	0xFF4
   478                           prodl	equ	0xFF3
   479                           indf0	equ	0xFEF
   480                           postinc0	equ	0xFEE
   481                           postdec0	equ	0xFED
   482                           preinc0	equ	0xFEC
   483                           plusw0	equ	0xFEB
   484                           fsr0h	equ	0xFEA
   485                           fsr0l	equ	0xFE9
   486                           wreg	equ	0xFE8
   487                           indf1	equ	0xFE7
   488                           postinc1	equ	0xFE6
   489                           postdec1	equ	0xFE5
   490                           preinc1	equ	0xFE4
   491                           plusw1	equ	0xFE3
   492                           fsr1h	equ	0xFE2
   493                           fsr1l	equ	0xFE1
   494                           bsr	equ	0xFE0
   495                           indf2	equ	0xFDF
   496                           postinc2	equ	0xFDE
   497                           postdec2	equ	0xFDD
   498                           preinc2	equ	0xFDC
   499                           plusw2	equ	0xFDB
   500                           fsr2h	equ	0xFDA
   501                           fsr2l	equ	0xFD9
   502                           status	equ	0xFD8

Data Sizes:
    Strings     0
    Constant    0
    Data        16
    BSS         0
    Persistent  0
    Stack       0

Auto Spaces:
    Space          Size  Autos    Used
    COMRAM           95     19      35
    BANK0           160      0       0
    BANK1           256      0       0
    BANK2           256      0       0
    BANK3           256      0       0
    BANK4           256      0       0
    BANK5           256      0       0
    BANK6           256      0       0
    BANK7           256      0       0

Pointer List with Targets:

    None.

Critical Paths under _main in COMRAM

    None.

Critical Paths under _main in BANK0

    None.

Critical Paths under _main in BANK1

    None.

Critical Paths under _main in BANK2

    None.

Critical Paths under _main in BANK3

    None.

Critical Paths under _main in BANK4

    None.

Critical Paths under _main in BANK5

    None.

Critical Paths under _main in BANK6

    None.

Critical Paths under _main in BANK7

    None.

Call Graph Tables:

 ---------------------------------------------------------------------------------
 (Depth) Function   	        Calls       Base Space   Used Autos Params    Refs
 ---------------------------------------------------------------------------------
 (0) _main                                                19    19      0      45
                                              0 COMRAM    19    19      0
                _configurarOscilador
 ---------------------------------------------------------------------------------
 (1) _configurarOscilador                                  0     0      0       0
 ---------------------------------------------------------------------------------
 Estimated maximum stack depth 1
 ---------------------------------------------------------------------------------

 Call Graph Graphs:

 _main (ROOT)
   _configurarOscilador

 Address spaces:
Name               Size   Autos  Total    Cost      Usage
BIGRAM             7FF      0       0      25        0.0%
EEDATA             100      0       0       0        0.0%
BITBANK7           100      0       0      18        0.0%
BANK7              100      0       0      19        0.0%
BITBANK6           100      0       0      16        0.0%
BANK6              100      0       0      17        0.0%
BITBANK5           100      0       0      14        0.0%
BANK5              100      0       0      15        0.0%
BITBANK4           100      0       0      12        0.0%
BANK4              100      0       0      13        0.0%
BITBANK3           100      0       0      10        0.0%
BANK3              100      0       0      11        0.0%
BITBANK2           100      0       0       8        0.0%
BANK2              100      0       0       9        0.0%
BITBANK1           100      0       0       6        0.0%
BANK1              100      0       0       7        0.0%
BITBANK0            A0      0       0       4        0.0%
BANK0               A0      0       0       5        0.0%
BITCOMRAM           5F      0       0       0        0.0%
COMRAM              5F     13      23       1       36.8%
BITBIGSFRlh         3F      0       0      21        0.0%
BITBIGSFRh          2C      0       0      20        0.0%
BITBIGSFRlll        21      0       0      23        0.0%
BITBIGSFRllh        11      0       0      22        0.0%
BIGSFR               0      0       0     200        0.0%
BITSFR               0      0       0     200        0.0%
SFR                  0      0       0     200        0.0%
STACK                0      0       0       2        0.0%
NULL                 0      0       0       0        0.0%
ABS                  0      0      23      24        0.0%
DATA                 0      0      23       3        0.0%
CODE                 0      0       0       0        0.0%


Microchip Technology PIC18 Macro Assembler V2.46 build 20240104201356 
Symbol Table                                                                                   Sat Jun 15 02:48:08 2024

                         l11 08A0                           u11 0814                           u20 0856  
                         u21 0852                           u37 0838                          l700 0802  
                        l710 082C                          l702 0806                          l712 082E  
                        l704 080A                          l714 0844                          l706 081C  
                        l708 0820                          l698 0894                          wreg 0FE8  
                       _main 0802                         fsr2h 0FDA                         indf2 0FDF  
                       fsr1l 0FE1                         fsr2l 0FD9                         start 0000  
               ___param_bank 0000                        ?_main 0001                        _PORTB 0F81  
                      _TRISB 0F93                        tablat 0FF5                        plusw1 0FE3  
                      plusw2 0FDB                        status 0FD8              __initialization 085E  
               __end_of_main 085E                       ??_main 0001                __activetblptr 0000  
                     isa$std 0001                 __pdataCOMRAM 0014                 __mediumconst 0000  
                     tblptrh 0FF7                       tblptrl 0FF6                       tblptru 0FF8  
                 __accesstop 0060      __end_of__initialization 087E                ___rparam_used 0001  
             __pcstackCOMRAM 0001  __end_of_configurarOscilador 08A2             main@display_7seg 0003  
                    __Hparam 0000                      __Lparam 0000                 __psmallconst 0800  
                    __pcinit 085E                      __ramtop 0800                      __ptext0 0802  
                    __ptext1 0894         end_of_initialization 087E                      postdec1 0FE5  
                    postinc0 0FEE                __pidataCOMRAM 0884          start_initialization 085E  
                __smallconst 0800                    main@F3181 0014                    copy_data0 0872  
                   __Hrparam 0000                     __Lrparam 0000          _configurarOscilador 0894  
                   isa$xinst 0000                     main@cont 0013         ?_configurarOscilador 0001  
                 _OSCCONbits 0FD3        ??_configurarOscilador 0001  
