;  LST file generated by mikroListExporter - v.2.0 
; Date/Time: 15/06/2024 03:06:50 a. m.
;----------------------------------------------

;Address Opcode 	ASM
0x0000	0xF000EF16  	GOTO        44
0x0004	0x0000      	NOP
0x0006	0x0000      	NOP
0x0008	0xF000EF00  	GOTO        0
0x000C	0x0000      	NOP
0x000E	0x0000      	NOP
0x0010	0x0000      	NOP
0x0012	0x0000      	NOP
0x0014	0x0000      	NOP
0x0016	0x0000      	NOP
0x0018	0xD7F3      	BRA         0
___CC2DW:
;__Lib_System.c,21 :: 		
;__Lib_System.c,23 :: 		
_CC2DL_Loop1:
;__Lib_System.c,24 :: 		
0x001C	0x0009      	TBLRD*+
;__Lib_System.c,25 :: 		
0x001E	0xFFE6CFF5  	MOVFF       TABLAT, POSTINC1
;__Lib_System.c,26 :: 		
0x0022	0x0600      	DECF        R0, 1, 0
;__Lib_System.c,27 :: 		
0x0024	0xE1FB      	BNZ         _CC2DL_Loop1
;__Lib_System.c,28 :: 		
0x0026	0x0601      	DECF        R1, 1, 0
;__Lib_System.c,29 :: 		
0x0028	0xE1F9      	BNZ         _CC2DL_Loop1
;__Lib_System.c,31 :: 		
L_end___CC2DW:
0x002A	0x0012      	RETURN      0
; end of ___CC2DW
_main:
0x002C	0xF000EC45  	CALL        138, 0
;examen_c.c,4 :: 		void main() {
;examen_c.c,5 :: 		ADCON1 = 0X0F;
0x0030	0x0E0F      	MOVLW       15
0x0032	0x6EC1      	MOVWF       ADCON1 
;examen_c.c,6 :: 		CMCON = 0X07;
0x0034	0x0E07      	MOVLW       7
0x0036	0x6EB4      	MOVWF       CMCON 
;examen_c.c,7 :: 		TRISB = 0x00;
0x0038	0x6A93      	CLRF        TRISB 
;examen_c.c,9 :: 		while(1) {
L_main0:
;examen_c.c,10 :: 		PORTB = display_7seg[cont++];
0x003A	0x0E16      	MOVLW       _display_7seg
0x003C	0x6EE9      	MOVWF       FSR0L 
0x003E	0x0E00      	MOVLW       hi_addr(_display_7seg)
0x0040	0x6EEA      	MOVWF       FSR0L+1 
0x0042	0x5015      	MOVF        _cont, 0 
0x0044	0x26E9      	ADDWF       FSR0L, 1 
0x0046	0xB0D8      	BTFSC       STATUS, 0 
0x0048	0x2AEA      	INCF        FSR0L+1, 1 
0x004A	0xFF81CFEE  	MOVFF       POSTINC0, PORTB
0x004E	0x2A15      	INCF        _cont, 1 
;examen_c.c,11 :: 		Delay_ms(100);
0x0050	0x0E03      	MOVLW       3
0x0052	0x6E0B      	MOVWF       R11, 0
0x0054	0x0E8A      	MOVLW       138
0x0056	0x6E0C      	MOVWF       R12, 0
0x0058	0x0E55      	MOVLW       85
0x005A	0x6E0D      	MOVWF       R13, 0
L_main2:
0x005C	0x2E0D      	DECFSZ      R13, 1, 0
0x005E	0xD7FE      	BRA         L_main2
0x0060	0x2E0C      	DECFSZ      R12, 1, 0
0x0062	0xD7FC      	BRA         L_main2
0x0064	0x2E0B      	DECFSZ      R11, 1, 0
0x0066	0xD7FA      	BRA         L_main2
0x0068	0x0000      	NOP
0x006A	0x0000      	NOP
;examen_c.c,12 :: 		if (cont == 16) cont = 0;
0x006C	0x5015      	MOVF        _cont, 0 
0x006E	0x0A10      	XORLW       16
0x0070	0xB4D8      	BTFSC       STATUS, 2 
0x0072	0x6A15      	CLRF        _cont 
L_main3:
;examen_c.c,13 :: 		}
0x0074	0xD7E2      	BRA         L_main0
;examen_c.c,14 :: 		}
L_end_main:
0x0076	0xD7FF      	BRA         $+0
; end of _main
0x008A	0xF015EE10  	LFSR        1, 21
0x008E	0x0E11      	MOVLW       17
0x0090	0x6E00      	MOVWF       R0 
0x0092	0x0E01      	MOVLW       1
0x0094	0x6E01      	MOVWF       R1 
0x0096	0x0E78      	MOVLW       120
0x0098	0x6EF6      	MOVWF       4086 
0x009A	0x0E00      	MOVLW       0
0x009C	0x6EF7      	MOVWF       TBLPTRH 
0x009E	0x0E00      	MOVLW       0
0x00A0	0x6EF8      	MOVWF       TBLPTRU 
0x00A2	0xF000EC0E  	CALL        28, 0
0x00A6	0x0012      	RETURN      0
;examen_c.c,0 :: ?ICS_cont
0x0078	0x00 ;?ICS_cont+0
; end of ?ICS_cont
;examen_c.c,0 :: ?ICS_display_7seg
0x0079	0x063F ;?ICS_display_7seg+0
0x007B	0x4F5B ;?ICS_display_7seg+2
0x007D	0x6D66 ;?ICS_display_7seg+4
0x007F	0x077D ;?ICS_display_7seg+6
0x0081	0x677F ;?ICS_display_7seg+8
0x0083	0x7C77 ;?ICS_display_7seg+10
0x0085	0x5E39 ;?ICS_display_7seg+12
0x0087	0x7179 ;?ICS_display_7seg+14
; end of ?ICS_display_7seg
Symbol List:
//** Routines locations **
//ADDRESS    SIZE    PROCEDURE
//----------------------------------------------
0x001C      [16]    ___CC2DW
0x002C      [76]    _main
//** Variables locations ** 
//ADDRESS    SIZE    VARIABLE
//----------------------------------------------
0x0000       [1]    R0
0x0001       [1]    R1
0x0002       [1]    R2
0x0003       [1]    R3
0x0004       [1]    R4
0x0005       [1]    R5
0x0006       [1]    R6
0x0007       [1]    R7
0x0008       [1]    R8
0x0009       [1]    R9
0x000A       [1]    R10
0x000B       [1]    R11
0x000C       [1]    R12
0x000D       [1]    R13
0x000E       [1]    R14
0x000F       [1]    R15
0x0010       [1]    R16
0x0011       [1]    R17
0x0012       [1]    R18
0x0013       [1]    R19
0x0014       [1]    R20
0x0015       [1]    _cont
0x0016      [16]    _display_7seg
0x0F81       [1]    PORTB
0x0F93       [1]    TRISB
0x0FB4       [1]    CMCON
0x0FC1       [1]    ADCON1
0x0FD8       [1]    STATUS
0x0FD9       [1]    FSR2L
0x0FDA       [1]    FSR2H
0x0FDE       [1]    POSTINC2
0x0FE0       [1]    BSR
0x0FE1       [1]    FSR1L
0x0FE2       [1]    FSR1H
0x0FE4       [1]    PREINC1
0x0FE6       [1]    POSTINC1
0x0FE7       [1]    INDF1
0x0FE8       [1]    WREG
0x0FE9       [1]    FSR0L
0x0FEA       [1]    FSR0H
0x0FEE       [1]    POSTINC0
0x0FF3       [1]    PRODL
0x0FF4       [1]    PRODH
0x0FF5       [1]    TABLAT
0x0FF6       [1]    TBLPTRL
0x0FF7       [1]    TBLPTRH
0x0FF8       [1]    TBLPTRU
//** Constants locations ** 
//ADDRESS    SIZE    CONSTANT
//----------------------------------------------
0x0078       [1]    ?ICS_cont
0x0079      [16]    ?ICS_display_7seg
