Warning[205] C:\USERS\JESUS\DESKTOP\PRACTICASDISPOSITIVOSPROGRAMABLES\PRACTICA6BIS.X\PRACTICA6BIS.ASM 1 : Found directive in column 1. (INCLUDE)
Warning[205] C:\USERS\JESUS\DESKTOP\PRACTICASDISPOSITIVOSPROGRAMABLES\PRACTICA6BIS.X\HEADER.INC 1 : Found directive in column 1. (LIST)
Warning[205] C:\USERS\JESUS\DESKTOP\PRACTICASDISPOSITIVOSPROGRAMABLES\PRACTICA6BIS.X\HEADER.INC 5 : Found directive in column 1. (CONFIG)
Warning[205] C:\USERS\JESUS\DESKTOP\PRACTICASDISPOSITIVOSPROGRAMABLES\PRACTICA6BIS.X\HEADER.INC 6 : Found directive in column 1. (CONFIG)
Warning[205] C:\USERS\JESUS\DESKTOP\PRACTICASDISPOSITIVOSPROGRAMABLES\PRACTICA6BIS.X\HEADER.INC 7 : Found directive in column 1. (CONFIG)
Warning[205] C:\USERS\JESUS\DESKTOP\PRACTICASDISPOSITIVOSPROGRAMABLES\PRACTICA6BIS.X\HEADER.INC 10 : Found directive in column 1. (CONFIG)
Warning[205] C:\USERS\JESUS\DESKTOP\PRACTICASDISPOSITIVOSPROGRAMABLES\PRACTICA6BIS.X\HEADER.INC 11 : Found directive in column 1. (CONFIG)
Warning[205] C:\USERS\JESUS\DESKTOP\PRACTICASDISPOSITIVOSPROGRAMABLES\PRACTICA6BIS.X\HEADER.INC 12 : Found directive in column 1. (CONFIG)
Warning[205] C:\USERS\JESUS\DESKTOP\PRACTICASDISPOSITIVOSPROGRAMABLES\PRACTICA6BIS.X\HEADER.INC 14 : Found directive in column 1. (CONFIG)
Warning[205] C:\USERS\JESUS\DESKTOP\PRACTICASDISPOSITIVOSPROGRAMABLES\PRACTICA6BIS.X\HEADER.INC 15 : Found directive in column 1. (CONFIG)
Warning[205] C:\USERS\JESUS\DESKTOP\PRACTICASDISPOSITIVOSPROGRAMABLES\PRACTICA6BIS.X\HEADER.INC 16 : Found directive in column 1. (CONFIG)
Warning[205] C:\USERS\JESUS\DESKTOP\PRACTICASDISPOSITIVOSPROGRAMABLES\PRACTICA6BIS.X\HEADER.INC 17 : Found directive in column 1. (CONFIG)
Warning[205] C:\USERS\JESUS\DESKTOP\PRACTICASDISPOSITIVOSPROGRAMABLES\PRACTICA6BIS.X\HEADER.INC 19 : Found directive in column 1. (CONFIG)
Warning[205] C:\USERS\JESUS\DESKTOP\PRACTICASDISPOSITIVOSPROGRAMABLES\PRACTICA6BIS.X\HEADER.INC 20 : Found directive in column 1. (CONFIG)
Warning[205] C:\USERS\JESUS\DESKTOP\PRACTICASDISPOSITIVOSPROGRAMABLES\PRACTICA6BIS.X\HEADER.INC 22 : Found directive in column 1. (CONFIG)
Warning[205] C:\USERS\JESUS\DESKTOP\PRACTICASDISPOSITIVOSPROGRAMABLES\PRACTICA6BIS.X\HEADER.INC 23 : Found directive in column 1. (CONFIG)
Warning[205] C:\USERS\JESUS\DESKTOP\PRACTICASDISPOSITIVOSPROGRAMABLES\PRACTICA6BIS.X\HEADER.INC 24 : Found directive in column 1. (CONFIG)
Warning[205] C:\USERS\JESUS\DESKTOP\PRACTICASDISPOSITIVOSPROGRAMABLES\PRACTICA6BIS.X\HEADER.INC 25 : Found directive in column 1. (CONFIG)
Warning[205] C:\USERS\JESUS\DESKTOP\PRACTICASDISPOSITIVOSPROGRAMABLES\PRACTICA6BIS.X\HEADER.INC 27 : Found directive in column 1. (CONFIG)
Warning[205] C:\USERS\JESUS\DESKTOP\PRACTICASDISPOSITIVOSPROGRAMABLES\PRACTICA6BIS.X\HEADER.INC 28 : Found directive in column 1. (CONFIG)
Warning[205] C:\USERS\JESUS\DESKTOP\PRACTICASDISPOSITIVOSPROGRAMABLES\PRACTICA6BIS.X\HEADER.INC 29 : Found directive in column 1. (CONFIG)
Warning[205] C:\USERS\JESUS\DESKTOP\PRACTICASDISPOSITIVOSPROGRAMABLES\PRACTICA6BIS.X\HEADER.INC 30 : Found directive in column 1. (CONFIG)
Warning[205] C:\USERS\JESUS\DESKTOP\PRACTICASDISPOSITIVOSPROGRAMABLES\PRACTICA6BIS.X\HEADER.INC 32 : Found directive in column 1. (CONFIG)
Warning[205] C:\USERS\JESUS\DESKTOP\PRACTICASDISPOSITIVOSPROGRAMABLES\PRACTICA6BIS.X\HEADER.INC 33 : Found directive in column 1. (CONFIG)
Warning[205] C:\USERS\JESUS\DESKTOP\PRACTICASDISPOSITIVOSPROGRAMABLES\PRACTICA6BIS.X\HEADER.INC 34 : Found directive in column 1. (CONFIG)
Warning[205] C:\USERS\JESUS\DESKTOP\PRACTICASDISPOSITIVOSPROGRAMABLES\PRACTICA6BIS.X\HEADER.INC 35 : Found directive in column 1. (CONFIG)
Warning[205] C:\USERS\JESUS\DESKTOP\PRACTICASDISPOSITIVOSPROGRAMABLES\PRACTICA6BIS.X\HEADER.INC 37 : Found directive in column 1. (CONFIG)
Warning[205] C:\USERS\JESUS\DESKTOP\PRACTICASDISPOSITIVOSPROGRAMABLES\PRACTICA6BIS.X\HEADER.INC 38 : Found directive in column 1. (CONFIG)
Warning[205] C:\USERS\JESUS\DESKTOP\PRACTICASDISPOSITIVOSPROGRAMABLES\PRACTICA6BIS.X\HEADER.INC 40 : Found directive in column 1. (CONFIG)
Warning[205] C:\USERS\JESUS\DESKTOP\PRACTICASDISPOSITIVOSPROGRAMABLES\PRACTICA6BIS.X\HEADER.INC 41 : Found directive in column 1. (CONFIG)
Warning[205] C:\USERS\JESUS\DESKTOP\PRACTICASDISPOSITIVOSPROGRAMABLES\PRACTICA6BIS.X\HEADER.INC 42 : Found directive in column 1. (CONFIG)
Warning[205] C:\USERS\JESUS\DESKTOP\PRACTICASDISPOSITIVOSPROGRAMABLES\PRACTICA6BIS.X\HEADER.INC 43 : Found directive in column 1. (CONFIG)
Warning[205] C:\USERS\JESUS\DESKTOP\PRACTICASDISPOSITIVOSPROGRAMABLES\PRACTICA6BIS.X\HEADER.INC 46 : Found directive in column 1. (CONFIG)
Warning[205] C:\USERS\JESUS\DESKTOP\PRACTICASDISPOSITIVOSPROGRAMABLES\PRACTICA6BIS.X\HEADER.INC 47 : Found directive in column 1. (CONFIG)
Warning[205] C:\USERS\JESUS\DESKTOP\PRACTICASDISPOSITIVOSPROGRAMABLES\PRACTICA6BIS.X\HEADER.INC 48 : Found directive in column 1. (CONFIG)
Warning[205] C:\USERS\JESUS\DESKTOP\PRACTICASDISPOSITIVOSPROGRAMABLES\PRACTICA6BIS.X\HEADER.INC 51 : Found directive in column 1. (CONFIG)
Warning[205] C:\USERS\JESUS\DESKTOP\PRACTICASDISPOSITIVOSPROGRAMABLES\PRACTICA6BIS.X\HEADER.INC 52 : Found directive in column 1. (CONFIG)
Warning[205] C:\USERS\JESUS\DESKTOP\PRACTICASDISPOSITIVOSPROGRAMABLES\PRACTICA6BIS.X\HEADER.INC 53 : Found directive in column 1. (CONFIG)
Warning[205] C:\USERS\JESUS\DESKTOP\PRACTICASDISPOSITIVOSPROGRAMABLES\PRACTICA6BIS.X\HEADER.INC 54 : Found directive in column 1. (CONFIG)
Warning[205] C:\USERS\JESUS\DESKTOP\PRACTICASDISPOSITIVOSPROGRAMABLES\PRACTICA6BIS.X\HEADER.INC 57 : Found directive in column 1. (CONFIG)
Warning[205] C:\USERS\JESUS\DESKTOP\PRACTICASDISPOSITIVOSPROGRAMABLES\PRACTICA6BIS.X\HEADER.INC 59 : Found directive in column 1. (CBLOCK)
Warning[205] C:\USERS\JESUS\DESKTOP\PRACTICASDISPOSITIVOSPROGRAMABLES\PRACTICA6BIS.X\HEADER.INC 61 : Found directive in column 1. (ENDC)
Warning[205] C:\USERS\JESUS\DESKTOP\PRACTICASDISPOSITIVOSPROGRAMABLES\PRACTICA6BIS.X\HEADER.INC 63 : Found directive in column 1. (org)
Warning[203] C:\USERS\JESUS\DESKTOP\PRACTICASDISPOSITIVOSPROGRAMABLES\PRACTICA6BIS.X\HEADER.INC 68 : Found opcode in column 1. (clrf)
Warning[203] C:\USERS\JESUS\DESKTOP\PRACTICASDISPOSITIVOSPROGRAMABLES\PRACTICA6BIS.X\HEADER.INC 69 : Found opcode in column 1. (clrf)
Warning[203] C:\USERS\JESUS\DESKTOP\PRACTICASDISPOSITIVOSPROGRAMABLES\PRACTICA6BIS.X\HEADER.INC 70 : Found opcode in column 1. (clrf)
Warning[203] C:\USERS\JESUS\DESKTOP\PRACTICASDISPOSITIVOSPROGRAMABLES\PRACTICA6BIS.X\HEADER.INC 71 : Found opcode in column 1. (clrf)
Warning[203] C:\USERS\JESUS\DESKTOP\PRACTICASDISPOSITIVOSPROGRAMABLES\PRACTICA6BIS.X\HEADER.INC 72 : Found opcode in column 1. (clrf)
Warning[203] C:\USERS\JESUS\DESKTOP\PRACTICASDISPOSITIVOSPROGRAMABLES\PRACTICA6BIS.X\HEADER.INC 77 : Found opcode in column 1. (clrf)
Warning[203] C:\USERS\JESUS\DESKTOP\PRACTICASDISPOSITIVOSPROGRAMABLES\PRACTICA6BIS.X\HEADER.INC 78 : Found opcode in column 1. (movlw)
Warning[203] C:\USERS\JESUS\DESKTOP\PRACTICASDISPOSITIVOSPROGRAMABLES\PRACTICA6BIS.X\HEADER.INC 79 : Found opcode in column 1. (movwf)
Warning[203] C:\USERS\JESUS\DESKTOP\PRACTICASDISPOSITIVOSPROGRAMABLES\PRACTICA6BIS.X\HEADER.INC 81 : Found opcode in column 1. (movlw)
Warning[203] C:\USERS\JESUS\DESKTOP\PRACTICASDISPOSITIVOSPROGRAMABLES\PRACTICA6BIS.X\HEADER.INC 82 : Found opcode in column 1. (movwf)
Warning[203] C:\USERS\JESUS\DESKTOP\PRACTICASDISPOSITIVOSPROGRAMABLES\PRACTICA6BIS.X\PRACTICA6BIS.ASM 6 : Found opcode in column 1. (MOVLW)
Warning[203] C:\USERS\JESUS\DESKTOP\PRACTICASDISPOSITIVOSPROGRAMABLES\PRACTICA6BIS.X\PRACTICA6BIS.ASM 7 : Found opcode in column 1. (MOVWF)
Warning[203] C:\USERS\JESUS\DESKTOP\PRACTICASDISPOSITIVOSPROGRAMABLES\PRACTICA6BIS.X\PRACTICA6BIS.ASM 8 : Found opcode in column 1. (MOVLW)
Warning[203] C:\USERS\JESUS\DESKTOP\PRACTICASDISPOSITIVOSPROGRAMABLES\PRACTICA6BIS.X\PRACTICA6BIS.ASM 9 : Found opcode in column 1. (MOVWF)
Warning[203] C:\USERS\JESUS\DESKTOP\PRACTICASDISPOSITIVOSPROGRAMABLES\PRACTICA6BIS.X\PRACTICA6BIS.ASM 11 : Found opcode in column 1. (GOTO)
Warning[202] C:\USERS\JESUS\DESKTOP\PRACTICASDISPOSITIVOSPROGRAMABLES\PRACTICA6BIS.X\PRACTICA6BIS.ASM 14 : Argument out of range.  Least significant bits used.
Warning[202] C:\USERS\JESUS\DESKTOP\PRACTICASDISPOSITIVOSPROGRAMABLES\PRACTICA6BIS.X\PRACTICA6BIS.ASM 17 : Argument out of range.  Least significant bits used.
Warning[205] C:\USERS\JESUS\DESKTOP\PRACTICASDISPOSITIVOSPROGRAMABLES\PRACTICA6BIS.X\PRACTICA6BIS.ASM 113 : Found directive in column 1. (END)
