Warning[205] C:\USERS\JESUS\DESKTOP\PRACTICASDISPOSITIVOSPROGRAMABLES\PRACTICA5.X\PRACTICA5.ASM 1 : Found directive in column 1. (include)
Warning[205] C:\USERS\JESUS\DESKTOP\PRACTICASDISPOSITIVOSPROGRAMABLES\PRACTICA5.X\HEADER.INC 1 : Found directive in column 1. (LIST)
Warning[205] C:\USERS\JESUS\DESKTOP\PRACTICASDISPOSITIVOSPROGRAMABLES\PRACTICA5.X\HEADER.INC 5 : Found directive in column 1. (CONFIG)
Warning[205] C:\USERS\JESUS\DESKTOP\PRACTICASDISPOSITIVOSPROGRAMABLES\PRACTICA5.X\HEADER.INC 6 : Found directive in column 1. (CONFIG)
Warning[205] C:\USERS\JESUS\DESKTOP\PRACTICASDISPOSITIVOSPROGRAMABLES\PRACTICA5.X\HEADER.INC 7 : Found directive in column 1. (CONFIG)
Warning[205] C:\USERS\JESUS\DESKTOP\PRACTICASDISPOSITIVOSPROGRAMABLES\PRACTICA5.X\HEADER.INC 10 : Found directive in column 1. (CONFIG)
Warning[205] C:\USERS\JESUS\DESKTOP\PRACTICASDISPOSITIVOSPROGRAMABLES\PRACTICA5.X\HEADER.INC 11 : Found directive in column 1. (CONFIG)
Warning[205] C:\USERS\JESUS\DESKTOP\PRACTICASDISPOSITIVOSPROGRAMABLES\PRACTICA5.X\HEADER.INC 12 : Found directive in column 1. (CONFIG)
Warning[205] C:\USERS\JESUS\DESKTOP\PRACTICASDISPOSITIVOSPROGRAMABLES\PRACTICA5.X\HEADER.INC 14 : Found directive in column 1. (CONFIG)
Warning[205] C:\USERS\JESUS\DESKTOP\PRACTICASDISPOSITIVOSPROGRAMABLES\PRACTICA5.X\HEADER.INC 15 : Found directive in column 1. (CONFIG)
Warning[205] C:\USERS\JESUS\DESKTOP\PRACTICASDISPOSITIVOSPROGRAMABLES\PRACTICA5.X\HEADER.INC 16 : Found directive in column 1. (CONFIG)
Warning[205] C:\USERS\JESUS\DESKTOP\PRACTICASDISPOSITIVOSPROGRAMABLES\PRACTICA5.X\HEADER.INC 17 : Found directive in column 1. (CONFIG)
Warning[205] C:\USERS\JESUS\DESKTOP\PRACTICASDISPOSITIVOSPROGRAMABLES\PRACTICA5.X\HEADER.INC 19 : Found directive in column 1. (CONFIG)
Warning[205] C:\USERS\JESUS\DESKTOP\PRACTICASDISPOSITIVOSPROGRAMABLES\PRACTICA5.X\HEADER.INC 20 : Found directive in column 1. (CONFIG)
Warning[205] C:\USERS\JESUS\DESKTOP\PRACTICASDISPOSITIVOSPROGRAMABLES\PRACTICA5.X\HEADER.INC 22 : Found directive in column 1. (CONFIG)
Warning[205] C:\USERS\JESUS\DESKTOP\PRACTICASDISPOSITIVOSPROGRAMABLES\PRACTICA5.X\HEADER.INC 23 : Found directive in column 1. (CONFIG)
Warning[205] C:\USERS\JESUS\DESKTOP\PRACTICASDISPOSITIVOSPROGRAMABLES\PRACTICA5.X\HEADER.INC 24 : Found directive in column 1. (CONFIG)
Warning[205] C:\USERS\JESUS\DESKTOP\PRACTICASDISPOSITIVOSPROGRAMABLES\PRACTICA5.X\HEADER.INC 25 : Found directive in column 1. (CONFIG)
Warning[205] C:\USERS\JESUS\DESKTOP\PRACTICASDISPOSITIVOSPROGRAMABLES\PRACTICA5.X\HEADER.INC 27 : Found directive in column 1. (CONFIG)
Warning[205] C:\USERS\JESUS\DESKTOP\PRACTICASDISPOSITIVOSPROGRAMABLES\PRACTICA5.X\HEADER.INC 28 : Found directive in column 1. (CONFIG)
Warning[205] C:\USERS\JESUS\DESKTOP\PRACTICASDISPOSITIVOSPROGRAMABLES\PRACTICA5.X\HEADER.INC 29 : Found directive in column 1. (CONFIG)
Warning[205] C:\USERS\JESUS\DESKTOP\PRACTICASDISPOSITIVOSPROGRAMABLES\PRACTICA5.X\HEADER.INC 30 : Found directive in column 1. (CONFIG)
Warning[205] C:\USERS\JESUS\DESKTOP\PRACTICASDISPOSITIVOSPROGRAMABLES\PRACTICA5.X\HEADER.INC 32 : Found directive in column 1. (CONFIG)
Warning[205] C:\USERS\JESUS\DESKTOP\PRACTICASDISPOSITIVOSPROGRAMABLES\PRACTICA5.X\HEADER.INC 33 : Found directive in column 1. (CONFIG)
Warning[205] C:\USERS\JESUS\DESKTOP\PRACTICASDISPOSITIVOSPROGRAMABLES\PRACTICA5.X\HEADER.INC 34 : Found directive in column 1. (CONFIG)
Warning[205] C:\USERS\JESUS\DESKTOP\PRACTICASDISPOSITIVOSPROGRAMABLES\PRACTICA5.X\HEADER.INC 35 : Found directive in column 1. (CONFIG)
Warning[205] C:\USERS\JESUS\DESKTOP\PRACTICASDISPOSITIVOSPROGRAMABLES\PRACTICA5.X\HEADER.INC 37 : Found directive in column 1. (CONFIG)
Warning[205] C:\USERS\JESUS\DESKTOP\PRACTICASDISPOSITIVOSPROGRAMABLES\PRACTICA5.X\HEADER.INC 38 : Found directive in column 1. (CONFIG)
Warning[205] C:\USERS\JESUS\DESKTOP\PRACTICASDISPOSITIVOSPROGRAMABLES\PRACTICA5.X\HEADER.INC 40 : Found directive in column 1. (CONFIG)
Warning[205] C:\USERS\JESUS\DESKTOP\PRACTICASDISPOSITIVOSPROGRAMABLES\PRACTICA5.X\HEADER.INC 41 : Found directive in column 1. (CONFIG)
Warning[205] C:\USERS\JESUS\DESKTOP\PRACTICASDISPOSITIVOSPROGRAMABLES\PRACTICA5.X\HEADER.INC 42 : Found directive in column 1. (CONFIG)
Warning[205] C:\USERS\JESUS\DESKTOP\PRACTICASDISPOSITIVOSPROGRAMABLES\PRACTICA5.X\HEADER.INC 43 : Found directive in column 1. (CONFIG)
Warning[205] C:\USERS\JESUS\DESKTOP\PRACTICASDISPOSITIVOSPROGRAMABLES\PRACTICA5.X\HEADER.INC 46 : Found directive in column 1. (CONFIG)
Warning[205] C:\USERS\JESUS\DESKTOP\PRACTICASDISPOSITIVOSPROGRAMABLES\PRACTICA5.X\HEADER.INC 47 : Found directive in column 1. (CONFIG)
Warning[205] C:\USERS\JESUS\DESKTOP\PRACTICASDISPOSITIVOSPROGRAMABLES\PRACTICA5.X\HEADER.INC 48 : Found directive in column 1. (CONFIG)
Warning[205] C:\USERS\JESUS\DESKTOP\PRACTICASDISPOSITIVOSPROGRAMABLES\PRACTICA5.X\HEADER.INC 51 : Found directive in column 1. (CONFIG)
Warning[205] C:\USERS\JESUS\DESKTOP\PRACTICASDISPOSITIVOSPROGRAMABLES\PRACTICA5.X\HEADER.INC 52 : Found directive in column 1. (CONFIG)
Warning[205] C:\USERS\JESUS\DESKTOP\PRACTICASDISPOSITIVOSPROGRAMABLES\PRACTICA5.X\HEADER.INC 53 : Found directive in column 1. (CONFIG)
Warning[205] C:\USERS\JESUS\DESKTOP\PRACTICASDISPOSITIVOSPROGRAMABLES\PRACTICA5.X\HEADER.INC 54 : Found directive in column 1. (CONFIG)
Warning[205] C:\USERS\JESUS\DESKTOP\PRACTICASDISPOSITIVOSPROGRAMABLES\PRACTICA5.X\HEADER.INC 57 : Found directive in column 1. (CONFIG)
Warning[205] C:\USERS\JESUS\DESKTOP\PRACTICASDISPOSITIVOSPROGRAMABLES\PRACTICA5.X\HEADER.INC 60 : Found directive in column 1. (CBLOCK)
Warning[205] C:\USERS\JESUS\DESKTOP\PRACTICASDISPOSITIVOSPROGRAMABLES\PRACTICA5.X\HEADER.INC 61 : Found directive in column 1. (ENDC)
Warning[205] C:\USERS\JESUS\DESKTOP\PRACTICASDISPOSITIVOSPROGRAMABLES\PRACTICA5.X\HEADER.INC 62 : Found directive in column 1. (org)
Warning[203] C:\USERS\JESUS\DESKTOP\PRACTICASDISPOSITIVOSPROGRAMABLES\PRACTICA5.X\HEADER.INC 63 : Found opcode in column 1. (GOTO)
Warning[205] C:\USERS\JESUS\DESKTOP\PRACTICASDISPOSITIVOSPROGRAMABLES\PRACTICA5.X\HEADER.INC 64 : Found directive in column 1. (org)
Warning[205] C:\USERS\JESUS\DESKTOP\PRACTICASDISPOSITIVOSPROGRAMABLES\PRACTICA5.X\HEADER.INC 65 : Found directive in column 1. (DB)
Warning[203] C:\USERS\JESUS\DESKTOP\PRACTICASDISPOSITIVOSPROGRAMABLES\PRACTICA5.X\HEADER.INC 81 : Found opcode in column 1. (MOVLW)
Warning[203] C:\USERS\JESUS\DESKTOP\PRACTICASDISPOSITIVOSPROGRAMABLES\PRACTICA5.X\HEADER.INC 82 : Found opcode in column 1. (MOVWF)
Warning[203] C:\USERS\JESUS\DESKTOP\PRACTICASDISPOSITIVOSPROGRAMABLES\PRACTICA5.X\HEADER.INC 84 : Found opcode in column 1. (MOVLW)
Warning[203] C:\USERS\JESUS\DESKTOP\PRACTICASDISPOSITIVOSPROGRAMABLES\PRACTICA5.X\HEADER.INC 85 : Found opcode in column 1. (MOVWF)
Warning[203] C:\USERS\JESUS\DESKTOP\PRACTICASDISPOSITIVOSPROGRAMABLES\PRACTICA5.X\HEADER.INC 87 : Found opcode in column 1. (clrf)
Warning[203] C:\USERS\JESUS\DESKTOP\PRACTICASDISPOSITIVOSPROGRAMABLES\PRACTICA5.X\HEADER.INC 88 : Found opcode in column 1. (movlw)
Warning[203] C:\USERS\JESUS\DESKTOP\PRACTICASDISPOSITIVOSPROGRAMABLES\PRACTICA5.X\HEADER.INC 89 : Found opcode in column 1. (movwf)
Warning[203] C:\USERS\JESUS\DESKTOP\PRACTICASDISPOSITIVOSPROGRAMABLES\PRACTICA5.X\HEADER.INC 91 : Found opcode in column 1. (movlw)
Warning[203] C:\USERS\JESUS\DESKTOP\PRACTICASDISPOSITIVOSPROGRAMABLES\PRACTICA5.X\HEADER.INC 92 : Found opcode in column 1. (movwf)
Warning[203] C:\USERS\JESUS\DESKTOP\PRACTICASDISPOSITIVOSPROGRAMABLES\PRACTICA5.X\HEADER.INC 94 : Found opcode in column 1. (GOTO)
Warning[205] C:\USERS\JESUS\DESKTOP\PRACTICASDISPOSITIVOSPROGRAMABLES\PRACTICA5.X\PRACTICA5.ASM 39 : Found directive in column 1. (end)
