Warning[205] C:\USERS\JESUS\DESKTOP\PRACTICASDISPOSITIVOSPROGRAMABLES\PRACTICA7V2.X\PRACTICA7V2.ASM 1 : Found directive in column 1. (INCLUDE)
Warning[205] C:\USERS\JESUS\DESKTOP\PRACTICASDISPOSITIVOSPROGRAMABLES\PRACTICA7V2.X\HEADER.INC 1 : Found directive in column 1. (LIST)
Warning[205] C:\USERS\JESUS\DESKTOP\PRACTICASDISPOSITIVOSPROGRAMABLES\PRACTICA7V2.X\HEADER.INC 5 : Found directive in column 1. (CONFIG)
Warning[205] C:\USERS\JESUS\DESKTOP\PRACTICASDISPOSITIVOSPROGRAMABLES\PRACTICA7V2.X\HEADER.INC 6 : Found directive in column 1. (CONFIG)
Warning[205] C:\USERS\JESUS\DESKTOP\PRACTICASDISPOSITIVOSPROGRAMABLES\PRACTICA7V2.X\HEADER.INC 7 : Found directive in column 1. (CONFIG)
Warning[205] C:\USERS\JESUS\DESKTOP\PRACTICASDISPOSITIVOSPROGRAMABLES\PRACTICA7V2.X\HEADER.INC 10 : Found directive in column 1. (CONFIG)
Warning[205] C:\USERS\JESUS\DESKTOP\PRACTICASDISPOSITIVOSPROGRAMABLES\PRACTICA7V2.X\HEADER.INC 11 : Found directive in column 1. (CONFIG)
Warning[205] C:\USERS\JESUS\DESKTOP\PRACTICASDISPOSITIVOSPROGRAMABLES\PRACTICA7V2.X\HEADER.INC 12 : Found directive in column 1. (CONFIG)
Warning[205] C:\USERS\JESUS\DESKTOP\PRACTICASDISPOSITIVOSPROGRAMABLES\PRACTICA7V2.X\HEADER.INC 14 : Found directive in column 1. (CONFIG)
Warning[205] C:\USERS\JESUS\DESKTOP\PRACTICASDISPOSITIVOSPROGRAMABLES\PRACTICA7V2.X\HEADER.INC 15 : Found directive in column 1. (CONFIG)
Warning[205] C:\USERS\JESUS\DESKTOP\PRACTICASDISPOSITIVOSPROGRAMABLES\PRACTICA7V2.X\HEADER.INC 16 : Found directive in column 1. (CONFIG)
Warning[205] C:\USERS\JESUS\DESKTOP\PRACTICASDISPOSITIVOSPROGRAMABLES\PRACTICA7V2.X\HEADER.INC 17 : Found directive in column 1. (CONFIG)
Warning[205] C:\USERS\JESUS\DESKTOP\PRACTICASDISPOSITIVOSPROGRAMABLES\PRACTICA7V2.X\HEADER.INC 19 : Found directive in column 1. (CONFIG)
Warning[205] C:\USERS\JESUS\DESKTOP\PRACTICASDISPOSITIVOSPROGRAMABLES\PRACTICA7V2.X\HEADER.INC 20 : Found directive in column 1. (CONFIG)
Warning[205] C:\USERS\JESUS\DESKTOP\PRACTICASDISPOSITIVOSPROGRAMABLES\PRACTICA7V2.X\HEADER.INC 22 : Found directive in column 1. (CONFIG)
Warning[205] C:\USERS\JESUS\DESKTOP\PRACTICASDISPOSITIVOSPROGRAMABLES\PRACTICA7V2.X\HEADER.INC 23 : Found directive in column 1. (CONFIG)
Warning[205] C:\USERS\JESUS\DESKTOP\PRACTICASDISPOSITIVOSPROGRAMABLES\PRACTICA7V2.X\HEADER.INC 24 : Found directive in column 1. (CONFIG)
Warning[205] C:\USERS\JESUS\DESKTOP\PRACTICASDISPOSITIVOSPROGRAMABLES\PRACTICA7V2.X\HEADER.INC 25 : Found directive in column 1. (CONFIG)
Warning[205] C:\USERS\JESUS\DESKTOP\PRACTICASDISPOSITIVOSPROGRAMABLES\PRACTICA7V2.X\HEADER.INC 27 : Found directive in column 1. (CONFIG)
Warning[205] C:\USERS\JESUS\DESKTOP\PRACTICASDISPOSITIVOSPROGRAMABLES\PRACTICA7V2.X\HEADER.INC 28 : Found directive in column 1. (CONFIG)
Warning[205] C:\USERS\JESUS\DESKTOP\PRACTICASDISPOSITIVOSPROGRAMABLES\PRACTICA7V2.X\HEADER.INC 29 : Found directive in column 1. (CONFIG)
Warning[205] C:\USERS\JESUS\DESKTOP\PRACTICASDISPOSITIVOSPROGRAMABLES\PRACTICA7V2.X\HEADER.INC 30 : Found directive in column 1. (CONFIG)
Warning[205] C:\USERS\JESUS\DESKTOP\PRACTICASDISPOSITIVOSPROGRAMABLES\PRACTICA7V2.X\HEADER.INC 32 : Found directive in column 1. (CONFIG)
Warning[205] C:\USERS\JESUS\DESKTOP\PRACTICASDISPOSITIVOSPROGRAMABLES\PRACTICA7V2.X\HEADER.INC 33 : Found directive in column 1. (CONFIG)
Warning[205] C:\USERS\JESUS\DESKTOP\PRACTICASDISPOSITIVOSPROGRAMABLES\PRACTICA7V2.X\HEADER.INC 34 : Found directive in column 1. (CONFIG)
Warning[205] C:\USERS\JESUS\DESKTOP\PRACTICASDISPOSITIVOSPROGRAMABLES\PRACTICA7V2.X\HEADER.INC 35 : Found directive in column 1. (CONFIG)
Warning[205] C:\USERS\JESUS\DESKTOP\PRACTICASDISPOSITIVOSPROGRAMABLES\PRACTICA7V2.X\HEADER.INC 37 : Found directive in column 1. (CONFIG)
Warning[205] C:\USERS\JESUS\DESKTOP\PRACTICASDISPOSITIVOSPROGRAMABLES\PRACTICA7V2.X\HEADER.INC 38 : Found directive in column 1. (CONFIG)
Warning[205] C:\USERS\JESUS\DESKTOP\PRACTICASDISPOSITIVOSPROGRAMABLES\PRACTICA7V2.X\HEADER.INC 40 : Found directive in column 1. (CONFIG)
Warning[205] C:\USERS\JESUS\DESKTOP\PRACTICASDISPOSITIVOSPROGRAMABLES\PRACTICA7V2.X\HEADER.INC 41 : Found directive in column 1. (CONFIG)
Warning[205] C:\USERS\JESUS\DESKTOP\PRACTICASDISPOSITIVOSPROGRAMABLES\PRACTICA7V2.X\HEADER.INC 42 : Found directive in column 1. (CONFIG)
Warning[205] C:\USERS\JESUS\DESKTOP\PRACTICASDISPOSITIVOSPROGRAMABLES\PRACTICA7V2.X\HEADER.INC 43 : Found directive in column 1. (CONFIG)
Warning[205] C:\USERS\JESUS\DESKTOP\PRACTICASDISPOSITIVOSPROGRAMABLES\PRACTICA7V2.X\HEADER.INC 46 : Found directive in column 1. (CONFIG)
Warning[205] C:\USERS\JESUS\DESKTOP\PRACTICASDISPOSITIVOSPROGRAMABLES\PRACTICA7V2.X\HEADER.INC 47 : Found directive in column 1. (CONFIG)
Warning[205] C:\USERS\JESUS\DESKTOP\PRACTICASDISPOSITIVOSPROGRAMABLES\PRACTICA7V2.X\HEADER.INC 48 : Found directive in column 1. (CONFIG)
Warning[205] C:\USERS\JESUS\DESKTOP\PRACTICASDISPOSITIVOSPROGRAMABLES\PRACTICA7V2.X\HEADER.INC 51 : Found directive in column 1. (CONFIG)
Warning[205] C:\USERS\JESUS\DESKTOP\PRACTICASDISPOSITIVOSPROGRAMABLES\PRACTICA7V2.X\HEADER.INC 52 : Found directive in column 1. (CONFIG)
Warning[205] C:\USERS\JESUS\DESKTOP\PRACTICASDISPOSITIVOSPROGRAMABLES\PRACTICA7V2.X\HEADER.INC 53 : Found directive in column 1. (CONFIG)
Warning[205] C:\USERS\JESUS\DESKTOP\PRACTICASDISPOSITIVOSPROGRAMABLES\PRACTICA7V2.X\HEADER.INC 54 : Found directive in column 1. (CONFIG)
Warning[205] C:\USERS\JESUS\DESKTOP\PRACTICASDISPOSITIVOSPROGRAMABLES\PRACTICA7V2.X\HEADER.INC 57 : Found directive in column 1. (CONFIG)
Warning[205] C:\USERS\JESUS\DESKTOP\PRACTICASDISPOSITIVOSPROGRAMABLES\PRACTICA7V2.X\HEADER.INC 59 : Found directive in column 1. (CBLOCK)
Warning[205] C:\USERS\JESUS\DESKTOP\PRACTICASDISPOSITIVOSPROGRAMABLES\PRACTICA7V2.X\HEADER.INC 61 : Found directive in column 1. (ENDC)
Warning[205] C:\USERS\JESUS\DESKTOP\PRACTICASDISPOSITIVOSPROGRAMABLES\PRACTICA7V2.X\HEADER.INC 69 : Found directive in column 1. (org)
Warning[203] C:\USERS\JESUS\DESKTOP\PRACTICASDISPOSITIVOSPROGRAMABLES\PRACTICA7V2.X\PRACTICA7V2.ASM 2 : Found opcode in column 1. (GOTO)
Warning[202] C:\USERS\JESUS\DESKTOP\PRACTICASDISPOSITIVOSPROGRAMABLES\PRACTICA7V2.X\PRACTICA7V2.ASM 56 : Argument out of range.  Least significant bits used.
Warning[205] C:\USERS\JESUS\DESKTOP\PRACTICASDISPOSITIVOSPROGRAMABLES\PRACTICA7V2.X\PRACTICA7V2.ASM 64 : Found directive in column 1. (END)
