Warning[205] C:\USERS\JESUS\DESKTOP\PRACTICASDISPOSITIVOSPROGRAMABLES\EXAMEN2.0.X\EXAMEN2.0.ASM 1 : Found directive in column 1. (include)
Warning[205] C:\USERS\JESUS\DESKTOP\PRACTICASDISPOSITIVOSPROGRAMABLES\EXAMEN2.0.X\HEADER.INC 1 : Found directive in column 1. (LIST)
Warning[205] C:\USERS\JESUS\DESKTOP\PRACTICASDISPOSITIVOSPROGRAMABLES\EXAMEN2.0.X\HEADER.INC 5 : Found directive in column 1. (CONFIG)
Warning[205] C:\USERS\JESUS\DESKTOP\PRACTICASDISPOSITIVOSPROGRAMABLES\EXAMEN2.0.X\HEADER.INC 6 : Found directive in column 1. (CONFIG)
Warning[205] C:\USERS\JESUS\DESKTOP\PRACTICASDISPOSITIVOSPROGRAMABLES\EXAMEN2.0.X\HEADER.INC 7 : Found directive in column 1. (CONFIG)
Warning[205] C:\USERS\JESUS\DESKTOP\PRACTICASDISPOSITIVOSPROGRAMABLES\EXAMEN2.0.X\HEADER.INC 9 : Found directive in column 1. (CONFIG)
Warning[205] C:\USERS\JESUS\DESKTOP\PRACTICASDISPOSITIVOSPROGRAMABLES\EXAMEN2.0.X\HEADER.INC 10 : Found directive in column 1. (CONFIG)
Warning[205] C:\USERS\JESUS\DESKTOP\PRACTICASDISPOSITIVOSPROGRAMABLES\EXAMEN2.0.X\HEADER.INC 11 : Found directive in column 1. (CONFIG)
Warning[205] C:\USERS\JESUS\DESKTOP\PRACTICASDISPOSITIVOSPROGRAMABLES\EXAMEN2.0.X\HEADER.INC 13 : Found directive in column 1. (CONFIG)
Warning[205] C:\USERS\JESUS\DESKTOP\PRACTICASDISPOSITIVOSPROGRAMABLES\EXAMEN2.0.X\HEADER.INC 14 : Found directive in column 1. (CONFIG)
Warning[205] C:\USERS\JESUS\DESKTOP\PRACTICASDISPOSITIVOSPROGRAMABLES\EXAMEN2.0.X\HEADER.INC 15 : Found directive in column 1. (CONFIG)
Warning[205] C:\USERS\JESUS\DESKTOP\PRACTICASDISPOSITIVOSPROGRAMABLES\EXAMEN2.0.X\HEADER.INC 16 : Found directive in column 1. (CONFIG)
Warning[205] C:\USERS\JESUS\DESKTOP\PRACTICASDISPOSITIVOSPROGRAMABLES\EXAMEN2.0.X\HEADER.INC 18 : Found directive in column 1. (CONFIG)
Warning[205] C:\USERS\JESUS\DESKTOP\PRACTICASDISPOSITIVOSPROGRAMABLES\EXAMEN2.0.X\HEADER.INC 19 : Found directive in column 1. (CONFIG)
Warning[205] C:\USERS\JESUS\DESKTOP\PRACTICASDISPOSITIVOSPROGRAMABLES\EXAMEN2.0.X\HEADER.INC 21 : Found directive in column 1. (CONFIG)
Warning[205] C:\USERS\JESUS\DESKTOP\PRACTICASDISPOSITIVOSPROGRAMABLES\EXAMEN2.0.X\HEADER.INC 22 : Found directive in column 1. (CONFIG)
Warning[205] C:\USERS\JESUS\DESKTOP\PRACTICASDISPOSITIVOSPROGRAMABLES\EXAMEN2.0.X\HEADER.INC 23 : Found directive in column 1. (CONFIG)
Warning[205] C:\USERS\JESUS\DESKTOP\PRACTICASDISPOSITIVOSPROGRAMABLES\EXAMEN2.0.X\HEADER.INC 24 : Found directive in column 1. (CONFIG)
Warning[205] C:\USERS\JESUS\DESKTOP\PRACTICASDISPOSITIVOSPROGRAMABLES\EXAMEN2.0.X\HEADER.INC 26 : Found directive in column 1. (CONFIG)
Warning[205] C:\USERS\JESUS\DESKTOP\PRACTICASDISPOSITIVOSPROGRAMABLES\EXAMEN2.0.X\HEADER.INC 27 : Found directive in column 1. (CONFIG)
Warning[205] C:\USERS\JESUS\DESKTOP\PRACTICASDISPOSITIVOSPROGRAMABLES\EXAMEN2.0.X\HEADER.INC 28 : Found directive in column 1. (CONFIG)
Warning[205] C:\USERS\JESUS\DESKTOP\PRACTICASDISPOSITIVOSPROGRAMABLES\EXAMEN2.0.X\HEADER.INC 29 : Found directive in column 1. (CONFIG)
Warning[205] C:\USERS\JESUS\DESKTOP\PRACTICASDISPOSITIVOSPROGRAMABLES\EXAMEN2.0.X\HEADER.INC 31 : Found directive in column 1. (CONFIG)
Warning[205] C:\USERS\JESUS\DESKTOP\PRACTICASDISPOSITIVOSPROGRAMABLES\EXAMEN2.0.X\HEADER.INC 32 : Found directive in column 1. (CONFIG)
Warning[205] C:\USERS\JESUS\DESKTOP\PRACTICASDISPOSITIVOSPROGRAMABLES\EXAMEN2.0.X\HEADER.INC 33 : Found directive in column 1. (CONFIG)
Warning[205] C:\USERS\JESUS\DESKTOP\PRACTICASDISPOSITIVOSPROGRAMABLES\EXAMEN2.0.X\HEADER.INC 34 : Found directive in column 1. (CONFIG)
Warning[205] C:\USERS\JESUS\DESKTOP\PRACTICASDISPOSITIVOSPROGRAMABLES\EXAMEN2.0.X\HEADER.INC 36 : Found directive in column 1. (CONFIG)
Warning[205] C:\USERS\JESUS\DESKTOP\PRACTICASDISPOSITIVOSPROGRAMABLES\EXAMEN2.0.X\HEADER.INC 37 : Found directive in column 1. (CONFIG)
Warning[205] C:\USERS\JESUS\DESKTOP\PRACTICASDISPOSITIVOSPROGRAMABLES\EXAMEN2.0.X\HEADER.INC 39 : Found directive in column 1. (CONFIG)
Warning[205] C:\USERS\JESUS\DESKTOP\PRACTICASDISPOSITIVOSPROGRAMABLES\EXAMEN2.0.X\HEADER.INC 40 : Found directive in column 1. (CONFIG)
Warning[205] C:\USERS\JESUS\DESKTOP\PRACTICASDISPOSITIVOSPROGRAMABLES\EXAMEN2.0.X\HEADER.INC 41 : Found directive in column 1. (CONFIG)
Warning[205] C:\USERS\JESUS\DESKTOP\PRACTICASDISPOSITIVOSPROGRAMABLES\EXAMEN2.0.X\HEADER.INC 42 : Found directive in column 1. (CONFIG)
Warning[205] C:\USERS\JESUS\DESKTOP\PRACTICASDISPOSITIVOSPROGRAMABLES\EXAMEN2.0.X\HEADER.INC 45 : Found directive in column 1. (CONFIG)
Warning[205] C:\USERS\JESUS\DESKTOP\PRACTICASDISPOSITIVOSPROGRAMABLES\EXAMEN2.0.X\HEADER.INC 46 : Found directive in column 1. (CONFIG)
Warning[205] C:\USERS\JESUS\DESKTOP\PRACTICASDISPOSITIVOSPROGRAMABLES\EXAMEN2.0.X\HEADER.INC 47 : Found directive in column 1. (CONFIG)
Warning[205] C:\USERS\JESUS\DESKTOP\PRACTICASDISPOSITIVOSPROGRAMABLES\EXAMEN2.0.X\HEADER.INC 50 : Found directive in column 1. (CONFIG)
Warning[205] C:\USERS\JESUS\DESKTOP\PRACTICASDISPOSITIVOSPROGRAMABLES\EXAMEN2.0.X\HEADER.INC 51 : Found directive in column 1. (CONFIG)
Warning[205] C:\USERS\JESUS\DESKTOP\PRACTICASDISPOSITIVOSPROGRAMABLES\EXAMEN2.0.X\HEADER.INC 52 : Found directive in column 1. (CONFIG)
Warning[205] C:\USERS\JESUS\DESKTOP\PRACTICASDISPOSITIVOSPROGRAMABLES\EXAMEN2.0.X\HEADER.INC 53 : Found directive in column 1. (CONFIG)
Warning[205] C:\USERS\JESUS\DESKTOP\PRACTICASDISPOSITIVOSPROGRAMABLES\EXAMEN2.0.X\HEADER.INC 56 : Found directive in column 1. (CONFIG)
Warning[205] C:\USERS\JESUS\DESKTOP\PRACTICASDISPOSITIVOSPROGRAMABLES\EXAMEN2.0.X\HEADER.INC 59 : Found directive in column 1. (CBLOCK)
Warning[205] C:\USERS\JESUS\DESKTOP\PRACTICASDISPOSITIVOSPROGRAMABLES\EXAMEN2.0.X\HEADER.INC 60 : Found directive in column 1. (ENDC)
Warning[205] C:\USERS\JESUS\DESKTOP\PRACTICASDISPOSITIVOSPROGRAMABLES\EXAMEN2.0.X\HEADER.INC 61 : Found directive in column 1. (org)
Warning[203] C:\USERS\JESUS\DESKTOP\PRACTICASDISPOSITIVOSPROGRAMABLES\EXAMEN2.0.X\HEADER.INC 62 : Found opcode in column 1. (GOTO)
Warning[205] C:\USERS\JESUS\DESKTOP\PRACTICASDISPOSITIVOSPROGRAMABLES\EXAMEN2.0.X\HEADER.INC 63 : Found directive in column 1. (org)
Warning[205] C:\USERS\JESUS\DESKTOP\PRACTICASDISPOSITIVOSPROGRAMABLES\EXAMEN2.0.X\HEADER.INC 64 : Found directive in column 1. (DB)
Warning[203] C:\USERS\JESUS\DESKTOP\PRACTICASDISPOSITIVOSPROGRAMABLES\EXAMEN2.0.X\HEADER.INC 69 : Found opcode in column 1. (MOVLW)
Warning[203] C:\USERS\JESUS\DESKTOP\PRACTICASDISPOSITIVOSPROGRAMABLES\EXAMEN2.0.X\HEADER.INC 70 : Found opcode in column 1. (MOVWF)
Warning[203] C:\USERS\JESUS\DESKTOP\PRACTICASDISPOSITIVOSPROGRAMABLES\EXAMEN2.0.X\HEADER.INC 71 : Found opcode in column 1. (MOVLW)
Warning[203] C:\USERS\JESUS\DESKTOP\PRACTICASDISPOSITIVOSPROGRAMABLES\EXAMEN2.0.X\HEADER.INC 72 : Found opcode in column 1. (MOVWF)
Warning[203] C:\USERS\JESUS\DESKTOP\PRACTICASDISPOSITIVOSPROGRAMABLES\EXAMEN2.0.X\HEADER.INC 80 : Found opcode in column 1. (MOVLW)
Warning[203] C:\USERS\JESUS\DESKTOP\PRACTICASDISPOSITIVOSPROGRAMABLES\EXAMEN2.0.X\HEADER.INC 81 : Found opcode in column 1. (MOVWF)
Warning[203] C:\USERS\JESUS\DESKTOP\PRACTICASDISPOSITIVOSPROGRAMABLES\EXAMEN2.0.X\HEADER.INC 83 : Found opcode in column 1. (MOVLW)
Warning[203] C:\USERS\JESUS\DESKTOP\PRACTICASDISPOSITIVOSPROGRAMABLES\EXAMEN2.0.X\HEADER.INC 84 : Found opcode in column 1. (MOVWF)
Warning[203] C:\USERS\JESUS\DESKTOP\PRACTICASDISPOSITIVOSPROGRAMABLES\EXAMEN2.0.X\HEADER.INC 86 : Found opcode in column 1. (clrf)
Warning[203] C:\USERS\JESUS\DESKTOP\PRACTICASDISPOSITIVOSPROGRAMABLES\EXAMEN2.0.X\HEADER.INC 87 : Found opcode in column 1. (movlw)
Warning[203] C:\USERS\JESUS\DESKTOP\PRACTICASDISPOSITIVOSPROGRAMABLES\EXAMEN2.0.X\HEADER.INC 88 : Found opcode in column 1. (movwf)
Warning[203] C:\USERS\JESUS\DESKTOP\PRACTICASDISPOSITIVOSPROGRAMABLES\EXAMEN2.0.X\HEADER.INC 90 : Found opcode in column 1. (movlw)
Warning[203] C:\USERS\JESUS\DESKTOP\PRACTICASDISPOSITIVOSPROGRAMABLES\EXAMEN2.0.X\HEADER.INC 91 : Found opcode in column 1. (movwf)
Warning[203] C:\USERS\JESUS\DESKTOP\PRACTICASDISPOSITIVOSPROGRAMABLES\EXAMEN2.0.X\HEADER.INC 93 : Found opcode in column 1. (GOTO)
Warning[205] C:\USERS\JESUS\DESKTOP\PRACTICASDISPOSITIVOSPROGRAMABLES\EXAMEN2.0.X\EXAMEN2.0.ASM 28 : Found directive in column 1. (end)
