;  LST file generated by mikroListExporter - v.2.0 
; Date/Time: 21/06/2024 02:06:26 p. m.
;----------------------------------------------

;Address Opcode 	ASM
0x0000	0xF003EF2F  	GOTO        1630
0x0004	0x0000      	NOP
0x0006	0x0000      	NOP
0x0008	0xF000EF00  	GOTO        0
0x000C	0x0000      	NOP
0x000E	0x0000      	NOP
0x0010	0x0000      	NOP
0x0012	0x0000      	NOP
0x0014	0x0000      	NOP
0x0016	0x0000      	NOP
0x0018	0xD7F3      	BRA         0
_Delay_50us:
;__Lib_Delays.c,19 :: 		void Delay_50us() {
;__Lib_Delays.c,20 :: 		Delay_us(50);
0x001C	0x0E21      	MOVLW       33
0x001E	0x6E0D      	MOVWF       R13, 0
L_Delay_50us2:
0x0020	0x2E0D      	DECFSZ      R13, 1, 0
0x0022	0xD7FE      	BRA         L_Delay_50us2
;__Lib_Delays.c,21 :: 		}
L_end_Delay_50us:
0x0024	0x0012      	RETURN      0
; end of _Delay_50us
_Delay_5500us:
;__Lib_Delays.c,31 :: 		void Delay_5500us() {
;__Lib_Delays.c,32 :: 		Delay_us(5500);
0x0026	0x0E0F      	MOVLW       15
0x0028	0x6E0C      	MOVWF       R12, 0
0x002A	0x0E47      	MOVLW       71
0x002C	0x6E0D      	MOVWF       R13, 0
L_Delay_5500us5:
0x002E	0x2E0D      	DECFSZ      R13, 1, 0
0x0030	0xD7FE      	BRA         L_Delay_5500us5
0x0032	0x2E0C      	DECFSZ      R12, 1, 0
0x0034	0xD7FC      	BRA         L_Delay_5500us5
0x0036	0x0000      	NOP
0x0038	0x0000      	NOP
;__Lib_Delays.c,33 :: 		}
L_end_Delay_5500us:
0x003A	0x0012      	RETURN      0
; end of _Delay_5500us
_Delay_1us:
;__Lib_Delays.c,7 :: 		void Delay_1us() {
;__Lib_Delays.c,8 :: 		Delay_us(1);
0x003C	0x0000      	NOP
0x003E	0x0000      	NOP
;__Lib_Delays.c,9 :: 		}
L_end_Delay_1us:
0x0040	0x0012      	RETURN      0
; end of _Delay_1us
_Lcd_Cmd:
;__Lib_Lcd.c,18 :: 		
;__Lib_Lcd.c,20 :: 		
0x0042	0x0101      	MOVLB       1
0x0044	0xBF25      	BTFSC       FARG_Lcd_Cmd_out_char, 7, 1
0x0046	0xD002      	BRA         L__Lcd_Cmd21
0x0048	0x9A83      	BCF         LCD_D7, BitPos(LCD_D7+0) 
0x004A	0xD001      	BRA         L__Lcd_Cmd22
L__Lcd_Cmd21:
0x004C	0x8A83      	BSF         LCD_D7, BitPos(LCD_D7+0) 
L__Lcd_Cmd22:
;__Lib_Lcd.c,21 :: 		
0x004E	0xBD25      	BTFSC       FARG_Lcd_Cmd_out_char, 6, 1
0x0050	0xD002      	BRA         L__Lcd_Cmd23
0x0052	0x9883      	BCF         LCD_D6, BitPos(LCD_D6+0) 
0x0054	0xD001      	BRA         L__Lcd_Cmd24
L__Lcd_Cmd23:
0x0056	0x8883      	BSF         LCD_D6, BitPos(LCD_D6+0) 
L__Lcd_Cmd24:
;__Lib_Lcd.c,22 :: 		
0x0058	0xBB25      	BTFSC       FARG_Lcd_Cmd_out_char, 5, 1
0x005A	0xD002      	BRA         L__Lcd_Cmd25
0x005C	0x9683      	BCF         LCD_D5, BitPos(LCD_D5+0) 
0x005E	0xD001      	BRA         L__Lcd_Cmd26
L__Lcd_Cmd25:
0x0060	0x8683      	BSF         LCD_D5, BitPos(LCD_D5+0) 
L__Lcd_Cmd26:
;__Lib_Lcd.c,23 :: 		
0x0062	0xB925      	BTFSC       FARG_Lcd_Cmd_out_char, 4, 1
0x0064	0xD002      	BRA         L__Lcd_Cmd27
0x0066	0x9483      	BCF         LCD_D4, BitPos(LCD_D4+0) 
0x0068	0xD001      	BRA         L__Lcd_Cmd28
L__Lcd_Cmd27:
0x006A	0x8483      	BSF         LCD_D4, BitPos(LCD_D4+0) 
L__Lcd_Cmd28:
;__Lib_Lcd.c,25 :: 		
0x006C	0xB114      	BTFSC       __Lib_Lcd_cmd_status, BitPos(__Lib_Lcd_cmd_status+0), 1
0x006E	0xD002      	BRA         L__Lcd_Cmd29
0x0070	0x8083      	BSF         LCD_RS, BitPos(LCD_RS+0) 
0x0072	0xD001      	BRA         L__Lcd_Cmd30
L__Lcd_Cmd29:
0x0074	0x9083      	BCF         LCD_RS, BitPos(LCD_RS+0) 
L__Lcd_Cmd30:
;__Lib_Lcd.c,28 :: 		
0x0076	0x8283      	BSF         LCD_EN, BitPos(LCD_EN+0) 
;__Lib_Lcd.c,29 :: 		
0x0078	0xDFE1      	RCALL       _Delay_1us
;__Lib_Lcd.c,30 :: 		
0x007A	0x9283      	BCF         LCD_EN, BitPos(LCD_EN+0) 
;__Lib_Lcd.c,33 :: 		
0x007C	0xB725      	BTFSC       FARG_Lcd_Cmd_out_char, 3, 1
0x007E	0xD002      	BRA         L__Lcd_Cmd31
0x0080	0x9A83      	BCF         LCD_D7, BitPos(LCD_D7+0) 
0x0082	0xD001      	BRA         L__Lcd_Cmd32
L__Lcd_Cmd31:
0x0084	0x8A83      	BSF         LCD_D7, BitPos(LCD_D7+0) 
L__Lcd_Cmd32:
;__Lib_Lcd.c,34 :: 		
0x0086	0xB525      	BTFSC       FARG_Lcd_Cmd_out_char, 2, 1
0x0088	0xD002      	BRA         L__Lcd_Cmd33
0x008A	0x9883      	BCF         LCD_D6, BitPos(LCD_D6+0) 
0x008C	0xD001      	BRA         L__Lcd_Cmd34
L__Lcd_Cmd33:
0x008E	0x8883      	BSF         LCD_D6, BitPos(LCD_D6+0) 
L__Lcd_Cmd34:
;__Lib_Lcd.c,35 :: 		
0x0090	0xB325      	BTFSC       FARG_Lcd_Cmd_out_char, 1, 1
0x0092	0xD002      	BRA         L__Lcd_Cmd35
0x0094	0x9683      	BCF         LCD_D5, BitPos(LCD_D5+0) 
0x0096	0xD001      	BRA         L__Lcd_Cmd36
L__Lcd_Cmd35:
0x0098	0x8683      	BSF         LCD_D5, BitPos(LCD_D5+0) 
L__Lcd_Cmd36:
;__Lib_Lcd.c,36 :: 		
0x009A	0xB125      	BTFSC       FARG_Lcd_Cmd_out_char, 0, 1
0x009C	0xD002      	BRA         L__Lcd_Cmd37
0x009E	0x9483      	BCF         LCD_D4, BitPos(LCD_D4+0) 
0x00A0	0xD001      	BRA         L__Lcd_Cmd38
L__Lcd_Cmd37:
0x00A2	0x8483      	BSF         LCD_D4, BitPos(LCD_D4+0) 
L__Lcd_Cmd38:
;__Lib_Lcd.c,38 :: 		
0x00A4	0xB114      	BTFSC       __Lib_Lcd_cmd_status, BitPos(__Lib_Lcd_cmd_status+0), 1
0x00A6	0xD002      	BRA         L__Lcd_Cmd39
0x00A8	0x8083      	BSF         LCD_RS, BitPos(LCD_RS+0) 
0x00AA	0xD001      	BRA         L__Lcd_Cmd40
L__Lcd_Cmd39:
0x00AC	0x9083      	BCF         LCD_RS, BitPos(LCD_RS+0) 
L__Lcd_Cmd40:
;__Lib_Lcd.c,40 :: 		
0x00AE	0x8283      	BSF         LCD_EN, BitPos(LCD_EN+0) 
;__Lib_Lcd.c,41 :: 		
0x00B0	0xDFC5      	RCALL       _Delay_1us
;__Lib_Lcd.c,42 :: 		
0x00B2	0x9283      	BCF         LCD_EN, BitPos(LCD_EN+0) 
;__Lib_Lcd.c,44 :: 		
0x00B4	0xA114      	BTFSS       __Lib_Lcd_cmd_status, BitPos(__Lib_Lcd_cmd_status+0), 1
0x00B6	0xD002      	BRA         L_Lcd_Cmd0
;__Lib_Lcd.c,45 :: 		
0x00B8	0xDFB6      	RCALL       _Delay_5500us
0x00BA	0xD001      	BRA         L_Lcd_Cmd1
L_Lcd_Cmd0:
;__Lib_Lcd.c,47 :: 		
0x00BC	0xDFAF      	RCALL       _Delay_50us
L_Lcd_Cmd1:
;__Lib_Lcd.c,48 :: 		
L_end_Lcd_Cmd:
0x00BE	0x0012      	RETURN      0
; end of _Lcd_Cmd
_Lcd_Chr_CP:
;__Lib_Lcd.c,50 :: 		
;__Lib_Lcd.c,52 :: 		
0x00C0	0x0101      	MOVLB       1
0x00C2	0x9114      	BCF         __Lib_Lcd_cmd_status, BitPos(__Lib_Lcd_cmd_status+0), 1
;__Lib_Lcd.c,53 :: 		
0x00C4	0xF125C122  	MOVFF       FARG_Lcd_Chr_CP_out_char, FARG_Lcd_Cmd_out_char
0x00C8	0xDFBC      	RCALL       _Lcd_Cmd
;__Lib_Lcd.c,54 :: 		
0x00CA	0x8114      	BSF         __Lib_Lcd_cmd_status, BitPos(__Lib_Lcd_cmd_status+0), 1
;__Lib_Lcd.c,55 :: 		
L_end_Lcd_Chr_CP:
0x00CC	0x0012      	RETURN      0
; end of _Lcd_Chr_CP
_Lcd_Chr:
;__Lib_Lcd.c,65 :: 		
;__Lib_Lcd.c,66 :: 		
0x00CE	0xD010      	BRA         L_Lcd_Chr4
;__Lib_Lcd.c,67 :: 		
L_Lcd_Chr6:
0x00D0	0x0E80      	MOVLW       128
0x00D2	0x0101      	MOVLB       1
0x00D4	0x6F22      	MOVWF       FARG_Lcd_Chr_row, 1
0x00D6	0xD01A      	BRA         L_Lcd_Chr5
;__Lib_Lcd.c,68 :: 		
L_Lcd_Chr7:
0x00D8	0x0EC0      	MOVLW       192
0x00DA	0x6F22      	MOVWF       FARG_Lcd_Chr_row, 1
0x00DC	0xD017      	BRA         L_Lcd_Chr5
;__Lib_Lcd.c,69 :: 		
L_Lcd_Chr8:
0x00DE	0x0E94      	MOVLW       148
0x00E0	0x6F22      	MOVWF       FARG_Lcd_Chr_row, 1
0x00E2	0xD014      	BRA         L_Lcd_Chr5
;__Lib_Lcd.c,70 :: 		
L_Lcd_Chr9:
0x00E4	0x0ED4      	MOVLW       212
0x00E6	0x6F22      	MOVWF       FARG_Lcd_Chr_row, 1
0x00E8	0xD011      	BRA         L_Lcd_Chr5
;__Lib_Lcd.c,71 :: 		
L_Lcd_Chr10:
0x00EA	0x0E80      	MOVLW       128
0x00EC	0x6F22      	MOVWF       FARG_Lcd_Chr_row, 1
;__Lib_Lcd.c,72 :: 		
0x00EE	0xD00E      	BRA         L_Lcd_Chr5
L_Lcd_Chr4:
0x00F0	0x0101      	MOVLB       1
0x00F2	0x5122      	MOVF        FARG_Lcd_Chr_row, 0, 1
0x00F4	0x0A01      	XORLW       1
0x00F6	0xE0EC      	BZ          L_Lcd_Chr6
0x00F8	0x5122      	MOVF        FARG_Lcd_Chr_row, 0, 1
0x00FA	0x0A02      	XORLW       2
0x00FC	0xE0ED      	BZ          L_Lcd_Chr7
0x00FE	0x5122      	MOVF        FARG_Lcd_Chr_row, 0, 1
0x0100	0x0A03      	XORLW       3
0x0102	0xE0ED      	BZ          L_Lcd_Chr8
0x0104	0x5122      	MOVF        FARG_Lcd_Chr_row, 0, 1
0x0106	0x0A04      	XORLW       4
0x0108	0xE0ED      	BZ          L_Lcd_Chr9
0x010A	0xD7EF      	BRA         L_Lcd_Chr10
L_Lcd_Chr5:
;__Lib_Lcd.c,74 :: 		
0x010C	0x0523      	DECF        FARG_Lcd_Chr_column, 0, 1
0x010E	0x6E00      	MOVWF       R0 
0x0110	0x5122      	MOVF        FARG_Lcd_Chr_row, 0, 1
0x0112	0x2600      	ADDWF       R0, 1 
0x0114	0xF122C000  	MOVFF       R0, FARG_Lcd_Chr_row
;__Lib_Lcd.c,76 :: 		
0x0118	0x8114      	BSF         __Lib_Lcd_cmd_status, BitPos(__Lib_Lcd_cmd_status+0), 1
;__Lib_Lcd.c,77 :: 		
0x011A	0xF125C000  	MOVFF       R0, FARG_Lcd_Cmd_out_char
0x011E	0xDF91      	RCALL       _Lcd_Cmd
;__Lib_Lcd.c,79 :: 		
0x0120	0x9114      	BCF         __Lib_Lcd_cmd_status, BitPos(__Lib_Lcd_cmd_status+0), 1
;__Lib_Lcd.c,80 :: 		
0x0122	0xF125C124  	MOVFF       FARG_Lcd_Chr_out_char, FARG_Lcd_Cmd_out_char
0x0126	0xDF8D      	RCALL       _Lcd_Cmd
;__Lib_Lcd.c,81 :: 		
0x0128	0x8114      	BSF         __Lib_Lcd_cmd_status, BitPos(__Lib_Lcd_cmd_status+0), 1
;__Lib_Lcd.c,82 :: 		
L_end_Lcd_Chr:
0x012A	0x0012      	RETURN      0
; end of _Lcd_Chr
_customChar:
;practica9.c,42 :: 		void customChar(char pos_row, char pos_char, char* character, char location) {
;practica9.c,44 :: 		if(location < 8) { // CGRAM has 8 locations (0-7)
0x012C	0x0E08      	MOVLW       8
0x012E	0x0101      	MOVLB       1
0x0130	0x5D20      	SUBWF       FARG_customChar_location, 0, 1
0x0132	0xE225      	BC          L_customChar0
;practica9.c,45 :: 		Lcd_Cmd(64 + (location * 8)); // Set CGRAM address
0x0134	0xF000C120  	MOVFF       FARG_customChar_location, R0
0x0138	0x3600      	RLCF        R0, 1 
0x013A	0x9000      	BCF         R0, 0 
0x013C	0x3600      	RLCF        R0, 1 
0x013E	0x9000      	BCF         R0, 0 
0x0140	0x3600      	RLCF        R0, 1 
0x0142	0x9000      	BCF         R0, 0 
0x0144	0x5000      	MOVF        R0, 0 
0x0146	0x0F40      	ADDLW       64
0x0148	0x6F25      	MOVWF       FARG_Lcd_Cmd_out_char, 1
0x014A	0xDF7B      	RCALL       _Lcd_Cmd
;practica9.c,46 :: 		for (i = 0; i < 8; i++) Lcd_Chr_CP(character[i]); // Write 8 bytes for the character
0x014C	0x6B21      	CLRF        customChar_i_L0, 1
L_customChar1:
0x014E	0x0E08      	MOVLW       8
0x0150	0x5D21      	SUBWF       customChar_i_L0, 0, 1
0x0152	0xE20B      	BC          L_customChar2
0x0154	0x5121      	MOVF        customChar_i_L0, 0, 1
0x0156	0x251E      	ADDWF       FARG_customChar_character, 0, 1
0x0158	0x6EE9      	MOVWF       FSR0L 
0x015A	0x0E00      	MOVLW       0
0x015C	0x211F      	ADDWFC      FARG_customChar_character+1, 0, 1
0x015E	0x6EEA      	MOVWF       FSR0L+1 
0x0160	0xF122CFEE  	MOVFF       POSTINC0, FARG_Lcd_Chr_CP_out_char
0x0164	0xDFAD      	RCALL       _Lcd_Chr_CP
0x0166	0x2B21      	INCF        customChar_i_L0, 1, 1
0x0168	0xD7F2      	BRA         L_customChar1
L_customChar2:
;practica9.c,47 :: 		Lcd_Cmd(_LCD_RETURN_HOME); // Return to the home position
0x016A	0x0E02      	MOVLW       2
0x016C	0x6F25      	MOVWF       FARG_Lcd_Cmd_out_char, 1
0x016E	0xDF69      	RCALL       _Lcd_Cmd
;practica9.c,48 :: 		Lcd_Chr(pos_row, pos_char, location); // Display the custom character
0x0170	0xF122C11C  	MOVFF       FARG_customChar_pos_row, FARG_Lcd_Chr_row
0x0174	0xF123C11D  	MOVFF       FARG_customChar_pos_char, FARG_Lcd_Chr_column
0x0178	0xF124C120  	MOVFF       FARG_customChar_location, FARG_Lcd_Chr_out_char
0x017C	0xDFA8      	RCALL       _Lcd_Chr
;practica9.c,49 :: 		}
L_customChar0:
;practica9.c,50 :: 		}
L_end_customChar:
0x017E	0x0012      	RETURN      0
; end of _customChar
_printFrame2:
;practica9.c,63 :: 		void printFrame2(unsigned short pos) {
;practica9.c,64 :: 		customChar(1, pos, frame21, 0);
0x0180	0x0E01      	MOVLW       1
0x0182	0x0101      	MOVLB       1
0x0184	0x6F1C      	MOVWF       FARG_customChar_pos_row, 1
0x0186	0xF11DC117  	MOVFF       FARG_printFrame2_pos, FARG_customChar_pos_char
0x018A	0x0E3D      	MOVLW       _frame21
0x018C	0x6F1E      	MOVWF       FARG_customChar_character, 1
0x018E	0x0E00      	MOVLW       hi_addr(_frame21)
0x0190	0x6F1F      	MOVWF       FARG_customChar_character+1, 1
0x0192	0x6B20      	CLRF        FARG_customChar_location, 1
0x0194	0xDFCB      	RCALL       _customChar
;practica9.c,65 :: 		customChar(1, pos + 1, frame22, 1);
0x0196	0x0E01      	MOVLW       1
0x0198	0x6F1C      	MOVWF       FARG_customChar_pos_row, 1
0x019A	0x5117      	MOVF        FARG_printFrame2_pos, 0, 1
0x019C	0x0F01      	ADDLW       1
0x019E	0x6F1D      	MOVWF       FARG_customChar_pos_char, 1
0x01A0	0x0E45      	MOVLW       _frame22
0x01A2	0x6F1E      	MOVWF       FARG_customChar_character, 1
0x01A4	0x0E00      	MOVLW       hi_addr(_frame22)
0x01A6	0x6F1F      	MOVWF       FARG_customChar_character+1, 1
0x01A8	0x0E01      	MOVLW       1
0x01AA	0x6F20      	MOVWF       FARG_customChar_location, 1
0x01AC	0xDFBF      	RCALL       _customChar
;practica9.c,66 :: 		customChar(1, pos + 2, frame23, 2);
0x01AE	0x0E01      	MOVLW       1
0x01B0	0x6F1C      	MOVWF       FARG_customChar_pos_row, 1
0x01B2	0x0E02      	MOVLW       2
0x01B4	0x2517      	ADDWF       FARG_printFrame2_pos, 0, 1
0x01B6	0x6F1D      	MOVWF       FARG_customChar_pos_char, 1
0x01B8	0x0E90      	MOVLW       _frame23
0x01BA	0x6F1E      	MOVWF       FARG_customChar_character, 1
0x01BC	0x0E00      	MOVLW       hi_addr(_frame23)
0x01BE	0x6F1F      	MOVWF       FARG_customChar_character+1, 1
0x01C0	0x0E02      	MOVLW       2
0x01C2	0x6F20      	MOVWF       FARG_customChar_location, 1
0x01C4	0xDFB3      	RCALL       _customChar
;practica9.c,67 :: 		customChar(1, pos + 3, frame24, 3);
0x01C6	0x0E01      	MOVLW       1
0x01C8	0x6F1C      	MOVWF       FARG_customChar_pos_row, 1
0x01CA	0x0E03      	MOVLW       3
0x01CC	0x2517      	ADDWF       FARG_printFrame2_pos, 0, 1
0x01CE	0x6F1D      	MOVWF       FARG_customChar_pos_char, 1
0x01D0	0x0ECA      	MOVLW       _frame24
0x01D2	0x6F1E      	MOVWF       FARG_customChar_character, 1
0x01D4	0x0E00      	MOVLW       hi_addr(_frame24)
0x01D6	0x6F1F      	MOVWF       FARG_customChar_character+1, 1
0x01D8	0x0E03      	MOVLW       3
0x01DA	0x6F20      	MOVWF       FARG_customChar_location, 1
0x01DC	0xDFA7      	RCALL       _customChar
;practica9.c,68 :: 		customChar(2, pos, frame25, 4);
0x01DE	0x0E02      	MOVLW       2
0x01E0	0x6F1C      	MOVWF       FARG_customChar_pos_row, 1
0x01E2	0xF11DC117  	MOVFF       FARG_printFrame2_pos, FARG_customChar_pos_char
0x01E6	0x0ED2      	MOVLW       _frame25
0x01E8	0x6F1E      	MOVWF       FARG_customChar_character, 1
0x01EA	0x0E00      	MOVLW       hi_addr(_frame25)
0x01EC	0x6F1F      	MOVWF       FARG_customChar_character+1, 1
0x01EE	0x0E04      	MOVLW       4
0x01F0	0x6F20      	MOVWF       FARG_customChar_location, 1
0x01F2	0xDF9C      	RCALL       _customChar
;practica9.c,69 :: 		customChar(2, pos + 1, frame26, 5);
0x01F4	0x0E02      	MOVLW       2
0x01F6	0x6F1C      	MOVWF       FARG_customChar_pos_row, 1
0x01F8	0x5117      	MOVF        FARG_printFrame2_pos, 0, 1
0x01FA	0x0F01      	ADDLW       1
0x01FC	0x6F1D      	MOVWF       FARG_customChar_pos_char, 1
0x01FE	0x0EBA      	MOVLW       _frame26
0x0200	0x6F1E      	MOVWF       FARG_customChar_character, 1
0x0202	0x0E00      	MOVLW       hi_addr(_frame26)
0x0204	0x6F1F      	MOVWF       FARG_customChar_character+1, 1
0x0206	0x0E05      	MOVLW       5
0x0208	0x6F20      	MOVWF       FARG_customChar_location, 1
0x020A	0xDF90      	RCALL       _customChar
;practica9.c,70 :: 		customChar(2, pos + 2, frame27, 6);
0x020C	0x0E02      	MOVLW       2
0x020E	0x6F1C      	MOVWF       FARG_customChar_pos_row, 1
0x0210	0x0E02      	MOVLW       2
0x0212	0x2517      	ADDWF       FARG_printFrame2_pos, 0, 1
0x0214	0x6F1D      	MOVWF       FARG_customChar_pos_char, 1
0x0216	0x0EC2      	MOVLW       _frame27
0x0218	0x6F1E      	MOVWF       FARG_customChar_character, 1
0x021A	0x0E00      	MOVLW       hi_addr(_frame27)
0x021C	0x6F1F      	MOVWF       FARG_customChar_character+1, 1
0x021E	0x0E06      	MOVLW       6
0x0220	0x6F20      	MOVWF       FARG_customChar_location, 1
0x0222	0xDF84      	RCALL       _customChar
;practica9.c,71 :: 		customChar(2, pos + 3, frame28, 7);
0x0224	0x0E02      	MOVLW       2
0x0226	0x6F1C      	MOVWF       FARG_customChar_pos_row, 1
0x0228	0x0E03      	MOVLW       3
0x022A	0x2517      	ADDWF       FARG_printFrame2_pos, 0, 1
0x022C	0x6F1D      	MOVWF       FARG_customChar_pos_char, 1
0x022E	0x0EDA      	MOVLW       _frame28
0x0230	0x6F1E      	MOVWF       FARG_customChar_character, 1
0x0232	0x0E00      	MOVLW       hi_addr(_frame28)
0x0234	0x6F1F      	MOVWF       FARG_customChar_character+1, 1
0x0236	0x0E07      	MOVLW       7
0x0238	0x6F20      	MOVWF       FARG_customChar_location, 1
0x023A	0xDF78      	RCALL       _customChar
;practica9.c,72 :: 		}
L_end_printFrame2:
0x023C	0x0012      	RETURN      0
; end of _printFrame2
_printFrame3:
;practica9.c,74 :: 		void printFrame3(unsigned short pos) {
;practica9.c,75 :: 		customChar(1, pos, frame31, 0);
0x023E	0x0E01      	MOVLW       1
0x0240	0x0101      	MOVLB       1
0x0242	0x6F1C      	MOVWF       FARG_customChar_pos_row, 1
0x0244	0xF11DC117  	MOVFF       FARG_printFrame3_pos, FARG_customChar_pos_char
0x0248	0x0E86      	MOVLW       _frame31
0x024A	0x6F1E      	MOVWF       FARG_customChar_character, 1
0x024C	0x0E00      	MOVLW       hi_addr(_frame31)
0x024E	0x6F1F      	MOVWF       FARG_customChar_character+1, 1
0x0250	0x6B20      	CLRF        FARG_customChar_location, 1
0x0252	0xDF6C      	RCALL       _customChar
;practica9.c,76 :: 		customChar(1, pos + 1, frame32, 1);
0x0254	0x0E01      	MOVLW       1
0x0256	0x6F1C      	MOVWF       FARG_customChar_pos_row, 1
0x0258	0x5117      	MOVF        FARG_printFrame3_pos, 0, 1
0x025A	0x0F01      	ADDLW       1
0x025C	0x6F1D      	MOVWF       FARG_customChar_pos_char, 1
0x025E	0x0E25      	MOVLW       _frame32
0x0260	0x6F1E      	MOVWF       FARG_customChar_character, 1
0x0262	0x0E00      	MOVLW       hi_addr(_frame32)
0x0264	0x6F1F      	MOVWF       FARG_customChar_character+1, 1
0x0266	0x0E01      	MOVLW       1
0x0268	0x6F20      	MOVWF       FARG_customChar_location, 1
0x026A	0xDF60      	RCALL       _customChar
;practica9.c,77 :: 		customChar(1, pos + 2, frame33, 2);
0x026C	0x0E01      	MOVLW       1
0x026E	0x6F1C      	MOVWF       FARG_customChar_pos_row, 1
0x0270	0x0E02      	MOVLW       2
0x0272	0x2517      	ADDWF       FARG_printFrame3_pos, 0, 1
0x0274	0x6F1D      	MOVWF       FARG_customChar_pos_char, 1
0x0276	0x0E2D      	MOVLW       _frame33
0x0278	0x6F1E      	MOVWF       FARG_customChar_character, 1
0x027A	0x0E00      	MOVLW       hi_addr(_frame33)
0x027C	0x6F1F      	MOVWF       FARG_customChar_character+1, 1
0x027E	0x0E02      	MOVLW       2
0x0280	0x6F20      	MOVWF       FARG_customChar_location, 1
0x0282	0xDF54      	RCALL       _customChar
;practica9.c,78 :: 		customChar(1, pos + 3, frame34, 3);
0x0284	0x0E01      	MOVLW       1
0x0286	0x6F1C      	MOVWF       FARG_customChar_pos_row, 1
0x0288	0x0E03      	MOVLW       3
0x028A	0x2517      	ADDWF       FARG_printFrame3_pos, 0, 1
0x028C	0x6F1D      	MOVWF       FARG_customChar_pos_char, 1
0x028E	0x0E15      	MOVLW       _frame34
0x0290	0x6F1E      	MOVWF       FARG_customChar_character, 1
0x0292	0x0E00      	MOVLW       hi_addr(_frame34)
0x0294	0x6F1F      	MOVWF       FARG_customChar_character+1, 1
0x0296	0x0E03      	MOVLW       3
0x0298	0x6F20      	MOVWF       FARG_customChar_location, 1
0x029A	0xDF48      	RCALL       _customChar
;practica9.c,79 :: 		customChar(2, pos, frame35, 4);
0x029C	0x0E02      	MOVLW       2
0x029E	0x6F1C      	MOVWF       FARG_customChar_pos_row, 1
0x02A0	0xF11DC117  	MOVFF       FARG_printFrame3_pos, FARG_customChar_pos_char
0x02A4	0x0E1D      	MOVLW       _frame35
0x02A6	0x6F1E      	MOVWF       FARG_customChar_character, 1
0x02A8	0x0E00      	MOVLW       hi_addr(_frame35)
0x02AA	0x6F1F      	MOVWF       FARG_customChar_character+1, 1
0x02AC	0x0E04      	MOVLW       4
0x02AE	0x6F20      	MOVWF       FARG_customChar_location, 1
0x02B0	0xDF3D      	RCALL       _customChar
;practica9.c,80 :: 		customChar(2, pos + 1, frame36, 5);
0x02B2	0x0E02      	MOVLW       2
0x02B4	0x6F1C      	MOVWF       FARG_customChar_pos_row, 1
0x02B6	0x5117      	MOVF        FARG_printFrame3_pos, 0, 1
0x02B8	0x0F01      	ADDLW       1
0x02BA	0x6F1D      	MOVWF       FARG_customChar_pos_char, 1
0x02BC	0x0E35      	MOVLW       _frame36
0x02BE	0x6F1E      	MOVWF       FARG_customChar_character, 1
0x02C0	0x0E00      	MOVLW       hi_addr(_frame36)
0x02C2	0x6F1F      	MOVWF       FARG_customChar_character+1, 1
0x02C4	0x0E05      	MOVLW       5
0x02C6	0x6F20      	MOVWF       FARG_customChar_location, 1
0x02C8	0xDF31      	RCALL       _customChar
;practica9.c,81 :: 		customChar(2, pos + 2, frame37, 6);
0x02CA	0x0E02      	MOVLW       2
0x02CC	0x6F1C      	MOVWF       FARG_customChar_pos_row, 1
0x02CE	0x0E02      	MOVLW       2
0x02D0	0x2517      	ADDWF       FARG_printFrame3_pos, 0, 1
0x02D2	0x6F1D      	MOVWF       FARG_customChar_pos_char, 1
0x02D4	0x0E4D      	MOVLW       _frame37
0x02D6	0x6F1E      	MOVWF       FARG_customChar_character, 1
0x02D8	0x0E00      	MOVLW       hi_addr(_frame37)
0x02DA	0x6F1F      	MOVWF       FARG_customChar_character+1, 1
0x02DC	0x0E06      	MOVLW       6
0x02DE	0x6F20      	MOVWF       FARG_customChar_location, 1
0x02E0	0xDF25      	RCALL       _customChar
;practica9.c,82 :: 		customChar(2, pos + 3, frame38, 7);
0x02E2	0x0E02      	MOVLW       2
0x02E4	0x6F1C      	MOVWF       FARG_customChar_pos_row, 1
0x02E6	0x0E03      	MOVLW       3
0x02E8	0x2517      	ADDWF       FARG_printFrame3_pos, 0, 1
0x02EA	0x6F1D      	MOVWF       FARG_customChar_pos_char, 1
0x02EC	0x0E55      	MOVLW       _frame38
0x02EE	0x6F1E      	MOVWF       FARG_customChar_character, 1
0x02F0	0x0E00      	MOVLW       hi_addr(_frame38)
0x02F2	0x6F1F      	MOVWF       FARG_customChar_character+1, 1
0x02F4	0x0E07      	MOVLW       7
0x02F6	0x6F20      	MOVWF       FARG_customChar_location, 1
0x02F8	0xDF19      	RCALL       _customChar
;practica9.c,83 :: 		}
L_end_printFrame3:
0x02FA	0x0012      	RETURN      0
; end of _printFrame3
_clearFrame:
;practica9.c,85 :: 		void clearFrame(unsigned short pos) {
;practica9.c,87 :: 		Lcd_Chr(1, pos, ' ');
0x02FC	0x0E01      	MOVLW       1
0x02FE	0x0101      	MOVLB       1
0x0300	0x6F22      	MOVWF       FARG_Lcd_Chr_row, 1
0x0302	0xF123C117  	MOVFF       FARG_clearFrame_pos, FARG_Lcd_Chr_column
0x0306	0x0E20      	MOVLW       32
0x0308	0x6F24      	MOVWF       FARG_Lcd_Chr_out_char, 1
0x030A	0xDEE1      	RCALL       _Lcd_Chr
;practica9.c,88 :: 		Lcd_Chr(1, pos + 1, ' ');
0x030C	0x0E01      	MOVLW       1
0x030E	0x6F22      	MOVWF       FARG_Lcd_Chr_row, 1
0x0310	0x5117      	MOVF        FARG_clearFrame_pos, 0, 1
0x0312	0x0F01      	ADDLW       1
0x0314	0x6F23      	MOVWF       FARG_Lcd_Chr_column, 1
0x0316	0x0E20      	MOVLW       32
0x0318	0x6F24      	MOVWF       FARG_Lcd_Chr_out_char, 1
0x031A	0xDED9      	RCALL       _Lcd_Chr
;practica9.c,89 :: 		Lcd_Chr(1, pos + 2, ' ');
0x031C	0x0E01      	MOVLW       1
0x031E	0x6F22      	MOVWF       FARG_Lcd_Chr_row, 1
0x0320	0x0E02      	MOVLW       2
0x0322	0x2517      	ADDWF       FARG_clearFrame_pos, 0, 1
0x0324	0x6F23      	MOVWF       FARG_Lcd_Chr_column, 1
0x0326	0x0E20      	MOVLW       32
0x0328	0x6F24      	MOVWF       FARG_Lcd_Chr_out_char, 1
0x032A	0xDED1      	RCALL       _Lcd_Chr
;practica9.c,90 :: 		Lcd_Chr(1, pos + 3, ' ');
0x032C	0x0E01      	MOVLW       1
0x032E	0x6F22      	MOVWF       FARG_Lcd_Chr_row, 1
0x0330	0x0E03      	MOVLW       3
0x0332	0x2517      	ADDWF       FARG_clearFrame_pos, 0, 1
0x0334	0x6F23      	MOVWF       FARG_Lcd_Chr_column, 1
0x0336	0x0E20      	MOVLW       32
0x0338	0x6F24      	MOVWF       FARG_Lcd_Chr_out_char, 1
0x033A	0xDEC9      	RCALL       _Lcd_Chr
;practica9.c,91 :: 		Lcd_Chr(2, pos, ' ');
0x033C	0x0E02      	MOVLW       2
0x033E	0x6F22      	MOVWF       FARG_Lcd_Chr_row, 1
0x0340	0xF123C117  	MOVFF       FARG_clearFrame_pos, FARG_Lcd_Chr_column
0x0344	0x0E20      	MOVLW       32
0x0346	0x6F24      	MOVWF       FARG_Lcd_Chr_out_char, 1
0x0348	0xDEC2      	RCALL       _Lcd_Chr
;practica9.c,92 :: 		Lcd_Chr(2, pos + 1, ' ');
0x034A	0x0E02      	MOVLW       2
0x034C	0x6F22      	MOVWF       FARG_Lcd_Chr_row, 1
0x034E	0x5117      	MOVF        FARG_clearFrame_pos, 0, 1
0x0350	0x0F01      	ADDLW       1
0x0352	0x6F23      	MOVWF       FARG_Lcd_Chr_column, 1
0x0354	0x0E20      	MOVLW       32
0x0356	0x6F24      	MOVWF       FARG_Lcd_Chr_out_char, 1
0x0358	0xDEBA      	RCALL       _Lcd_Chr
;practica9.c,93 :: 		Lcd_Chr(2, pos + 2, ' ');
0x035A	0x0E02      	MOVLW       2
0x035C	0x6F22      	MOVWF       FARG_Lcd_Chr_row, 1
0x035E	0x0E02      	MOVLW       2
0x0360	0x2517      	ADDWF       FARG_clearFrame_pos, 0, 1
0x0362	0x6F23      	MOVWF       FARG_Lcd_Chr_column, 1
0x0364	0x0E20      	MOVLW       32
0x0366	0x6F24      	MOVWF       FARG_Lcd_Chr_out_char, 1
0x0368	0xDEB2      	RCALL       _Lcd_Chr
;practica9.c,94 :: 		Lcd_Chr(2, pos + 3, ' ');
0x036A	0x0E02      	MOVLW       2
0x036C	0x6F22      	MOVWF       FARG_Lcd_Chr_row, 1
0x036E	0x0E03      	MOVLW       3
0x0370	0x2517      	ADDWF       FARG_clearFrame_pos, 0, 1
0x0372	0x6F23      	MOVWF       FARG_Lcd_Chr_column, 1
0x0374	0x0E20      	MOVLW       32
0x0376	0x6F24      	MOVWF       FARG_Lcd_Chr_out_char, 1
0x0378	0xDEAA      	RCALL       _Lcd_Chr
;practica9.c,95 :: 		}
L_end_clearFrame:
0x037A	0x0012      	RETURN      0
; end of _clearFrame
_printFrame1:
;practica9.c,52 :: 		void printFrame1(unsigned short pos) {
;practica9.c,53 :: 		customChar(1, pos, frame11, 0);
0x037C	0x0E01      	MOVLW       1
0x037E	0x0101      	MOVLB       1
0x0380	0x6F1C      	MOVWF       FARG_customChar_pos_row, 1
0x0382	0xF11DC117  	MOVFF       FARG_printFrame1_pos, FARG_customChar_pos_char
0x0386	0x0E03      	MOVLW       _frame11
0x0388	0x6F1E      	MOVWF       FARG_customChar_character, 1
0x038A	0x0E01      	MOVLW       hi_addr(_frame11)
0x038C	0x6F1F      	MOVWF       FARG_customChar_character+1, 1
0x038E	0x6B20      	CLRF        FARG_customChar_location, 1
0x0390	0xDECD      	RCALL       _customChar
;practica9.c,54 :: 		customChar(1, pos + 1, frame12, 1);
0x0392	0x0E01      	MOVLW       1
0x0394	0x6F1C      	MOVWF       FARG_customChar_pos_row, 1
0x0396	0x5117      	MOVF        FARG_printFrame1_pos, 0, 1
0x0398	0x0F01      	ADDLW       1
0x039A	0x6F1D      	MOVWF       FARG_customChar_pos_char, 1
0x039C	0x0E0B      	MOVLW       _frame12
0x039E	0x6F1E      	MOVWF       FARG_customChar_character, 1
0x03A0	0x0E01      	MOVLW       hi_addr(_frame12)
0x03A2	0x6F1F      	MOVWF       FARG_customChar_character+1, 1
0x03A4	0x0E01      	MOVLW       1
0x03A6	0x6F20      	MOVWF       FARG_customChar_location, 1
0x03A8	0xDEC1      	RCALL       _customChar
;practica9.c,55 :: 		customChar(1, pos + 2, frame13, 2);
0x03AA	0x0E01      	MOVLW       1
0x03AC	0x6F1C      	MOVWF       FARG_customChar_pos_row, 1
0x03AE	0x0E02      	MOVLW       2
0x03B0	0x2517      	ADDWF       FARG_printFrame1_pos, 0, 1
0x03B2	0x6F1D      	MOVWF       FARG_customChar_pos_char, 1
0x03B4	0x0EFB      	MOVLW       _frame13
0x03B6	0x6F1E      	MOVWF       FARG_customChar_character, 1
0x03B8	0x0E00      	MOVLW       hi_addr(_frame13)
0x03BA	0x6F1F      	MOVWF       FARG_customChar_character+1, 1
0x03BC	0x0E02      	MOVLW       2
0x03BE	0x6F20      	MOVWF       FARG_customChar_location, 1
0x03C0	0xDEB5      	RCALL       _customChar
;practica9.c,56 :: 		customChar(1, pos + 3, frame14, 3);
0x03C2	0x0E01      	MOVLW       1
0x03C4	0x6F1C      	MOVWF       FARG_customChar_pos_row, 1
0x03C6	0x0E03      	MOVLW       3
0x03C8	0x2517      	ADDWF       FARG_printFrame1_pos, 0, 1
0x03CA	0x6F1D      	MOVWF       FARG_customChar_pos_char, 1
0x03CC	0x0E6D      	MOVLW       _frame14
0x03CE	0x6F1E      	MOVWF       FARG_customChar_character, 1
0x03D0	0x0E00      	MOVLW       hi_addr(_frame14)
0x03D2	0x6F1F      	MOVWF       FARG_customChar_character+1, 1
0x03D4	0x0E03      	MOVLW       3
0x03D6	0x6F20      	MOVWF       FARG_customChar_location, 1
0x03D8	0xDEA9      	RCALL       _customChar
;practica9.c,57 :: 		customChar(2, pos, frame15, 4);
0x03DA	0x0E02      	MOVLW       2
0x03DC	0x6F1C      	MOVWF       FARG_customChar_pos_row, 1
0x03DE	0xF11DC117  	MOVFF       FARG_printFrame1_pos, FARG_customChar_pos_char
0x03E2	0x0E75      	MOVLW       _frame15
0x03E4	0x6F1E      	MOVWF       FARG_customChar_character, 1
0x03E6	0x0E00      	MOVLW       hi_addr(_frame15)
0x03E8	0x6F1F      	MOVWF       FARG_customChar_character+1, 1
0x03EA	0x0E04      	MOVLW       4
0x03EC	0x6F20      	MOVWF       FARG_customChar_location, 1
0x03EE	0xDE9E      	RCALL       _customChar
;practica9.c,58 :: 		customChar(2, pos + 1, frame16, 5);
0x03F0	0x0E02      	MOVLW       2
0x03F2	0x6F1C      	MOVWF       FARG_customChar_pos_row, 1
0x03F4	0x5117      	MOVF        FARG_printFrame1_pos, 0, 1
0x03F6	0x0F01      	ADDLW       1
0x03F8	0x6F1D      	MOVWF       FARG_customChar_pos_char, 1
0x03FA	0x0E5D      	MOVLW       _frame16
0x03FC	0x6F1E      	MOVWF       FARG_customChar_character, 1
0x03FE	0x0E00      	MOVLW       hi_addr(_frame16)
0x0400	0x6F1F      	MOVWF       FARG_customChar_character+1, 1
0x0402	0x0E05      	MOVLW       5
0x0404	0x6F20      	MOVWF       FARG_customChar_location, 1
0x0406	0xDE92      	RCALL       _customChar
;practica9.c,59 :: 		customChar(2, pos + 2, frame17, 6);
0x0408	0x0E02      	MOVLW       2
0x040A	0x6F1C      	MOVWF       FARG_customChar_pos_row, 1
0x040C	0x0E02      	MOVLW       2
0x040E	0x2517      	ADDWF       FARG_printFrame1_pos, 0, 1
0x0410	0x6F1D      	MOVWF       FARG_customChar_pos_char, 1
0x0412	0x0E65      	MOVLW       _frame17
0x0414	0x6F1E      	MOVWF       FARG_customChar_character, 1
0x0416	0x0E00      	MOVLW       hi_addr(_frame17)
0x0418	0x6F1F      	MOVWF       FARG_customChar_character+1, 1
0x041A	0x0E06      	MOVLW       6
0x041C	0x6F20      	MOVWF       FARG_customChar_location, 1
0x041E	0xDE86      	RCALL       _customChar
;practica9.c,60 :: 		customChar(2, pos + 3, frame18, 7);
0x0420	0x0E02      	MOVLW       2
0x0422	0x6F1C      	MOVWF       FARG_customChar_pos_row, 1
0x0424	0x0E03      	MOVLW       3
0x0426	0x2517      	ADDWF       FARG_printFrame1_pos, 0, 1
0x0428	0x6F1D      	MOVWF       FARG_customChar_pos_char, 1
0x042A	0x0E7D      	MOVLW       _frame18
0x042C	0x6F1E      	MOVWF       FARG_customChar_character, 1
0x042E	0x0E00      	MOVLW       hi_addr(_frame18)
0x0430	0x6F1F      	MOVWF       FARG_customChar_character+1, 1
0x0432	0x0E07      	MOVLW       7
0x0434	0x6F20      	MOVWF       FARG_customChar_location, 1
0x0436	0xDE7A      	RCALL       _customChar
;practica9.c,61 :: 		}
L_end_printFrame1:
0x0438	0x0012      	RETURN      0
; end of _printFrame1
_Lcd_Out:
;__Lib_Lcd.c,184 :: 		
;__Lib_Lcd.c,187 :: 		
0x043A	0xD010      	BRA         L_Lcd_Out11
;__Lib_Lcd.c,188 :: 		
L_Lcd_Out13:
0x043C	0x0E80      	MOVLW       128
0x043E	0x0101      	MOVLB       1
0x0440	0x6F17      	MOVWF       FARG_Lcd_Out_row, 1
0x0442	0xD01A      	BRA         L_Lcd_Out12
;__Lib_Lcd.c,189 :: 		
L_Lcd_Out14:
0x0444	0x0EC0      	MOVLW       192
0x0446	0x6F17      	MOVWF       FARG_Lcd_Out_row, 1
0x0448	0xD017      	BRA         L_Lcd_Out12
;__Lib_Lcd.c,190 :: 		
L_Lcd_Out15:
0x044A	0x0E94      	MOVLW       148
0x044C	0x6F17      	MOVWF       FARG_Lcd_Out_row, 1
0x044E	0xD014      	BRA         L_Lcd_Out12
;__Lib_Lcd.c,191 :: 		
L_Lcd_Out16:
0x0450	0x0ED4      	MOVLW       212
0x0452	0x6F17      	MOVWF       FARG_Lcd_Out_row, 1
0x0454	0xD011      	BRA         L_Lcd_Out12
;__Lib_Lcd.c,192 :: 		
L_Lcd_Out17:
0x0456	0x0E80      	MOVLW       128
0x0458	0x6F17      	MOVWF       FARG_Lcd_Out_row, 1
;__Lib_Lcd.c,193 :: 		
0x045A	0xD00E      	BRA         L_Lcd_Out12
L_Lcd_Out11:
0x045C	0x0101      	MOVLB       1
0x045E	0x5117      	MOVF        FARG_Lcd_Out_row, 0, 1
0x0460	0x0A01      	XORLW       1
0x0462	0xE0EC      	BZ          L_Lcd_Out13
0x0464	0x5117      	MOVF        FARG_Lcd_Out_row, 0, 1
0x0466	0x0A02      	XORLW       2
0x0468	0xE0ED      	BZ          L_Lcd_Out14
0x046A	0x5117      	MOVF        FARG_Lcd_Out_row, 0, 1
0x046C	0x0A03      	XORLW       3
0x046E	0xE0ED      	BZ          L_Lcd_Out15
0x0470	0x5117      	MOVF        FARG_Lcd_Out_row, 0, 1
0x0472	0x0A04      	XORLW       4
0x0474	0xE0ED      	BZ          L_Lcd_Out16
0x0476	0xD7EF      	BRA         L_Lcd_Out17
L_Lcd_Out12:
;__Lib_Lcd.c,194 :: 		
0x0478	0x0518      	DECF        FARG_Lcd_Out_column, 0, 1
0x047A	0x6E00      	MOVWF       R0 
0x047C	0x5117      	MOVF        FARG_Lcd_Out_row, 0, 1
0x047E	0x2600      	ADDWF       R0, 1 
0x0480	0xF117C000  	MOVFF       R0, FARG_Lcd_Out_row
;__Lib_Lcd.c,196 :: 		
0x0484	0xF125C000  	MOVFF       R0, FARG_Lcd_Cmd_out_char
0x0488	0xDDDC      	RCALL       _Lcd_Cmd
;__Lib_Lcd.c,197 :: 		
0x048A	0x9114      	BCF         __Lib_Lcd_cmd_status, BitPos(__Lib_Lcd_cmd_status+0), 1
;__Lib_Lcd.c,198 :: 		
0x048C	0x6B1B      	CLRF        Lcd_Out_i_L0, 1
;__Lib_Lcd.c,199 :: 		
L_Lcd_Out18:
0x048E	0x511B      	MOVF        Lcd_Out_i_L0, 0, 1
0x0490	0x2519      	ADDWF       FARG_Lcd_Out_text, 0, 1
0x0492	0x6EE9      	MOVWF       FSR0L 
0x0494	0x0E00      	MOVLW       0
0x0496	0x211A      	ADDWFC      FARG_Lcd_Out_text+1, 0, 1
0x0498	0x6EEA      	MOVWF       FSR0L+1 
0x049A	0x52EE      	MOVF        POSTINC0, 1 
0x049C	0xE00B      	BZ          L_Lcd_Out19
;__Lib_Lcd.c,200 :: 		
0x049E	0x511B      	MOVF        Lcd_Out_i_L0, 0, 1
0x04A0	0x2519      	ADDWF       FARG_Lcd_Out_text, 0, 1
0x04A2	0x6EE9      	MOVWF       FSR0L 
0x04A4	0x0E00      	MOVLW       0
0x04A6	0x211A      	ADDWFC      FARG_Lcd_Out_text+1, 0, 1
0x04A8	0x6EEA      	MOVWF       FSR0L+1 
0x04AA	0xF122CFEE  	MOVFF       POSTINC0, FARG_Lcd_Chr_CP_out_char
0x04AE	0xDE08      	RCALL       _Lcd_Chr_CP
0x04B0	0x2B1B      	INCF        Lcd_Out_i_L0, 1, 1
0x04B2	0xD7ED      	BRA         L_Lcd_Out18
L_Lcd_Out19:
;__Lib_Lcd.c,201 :: 		
0x04B4	0x8114      	BSF         __Lib_Lcd_cmd_status, BitPos(__Lib_Lcd_cmd_status+0), 1
;__Lib_Lcd.c,202 :: 		
L_end_Lcd_Out:
0x04B6	0x0012      	RETURN      0
; end of _Lcd_Out
___CC2DW:
;__Lib_System.c,21 :: 		
;__Lib_System.c,23 :: 		
_CC2DL_Loop1:
;__Lib_System.c,24 :: 		
0x04B8	0x0009      	TBLRD*+
;__Lib_System.c,25 :: 		
0x04BA	0xFFE6CFF5  	MOVFF       TABLAT, POSTINC1
;__Lib_System.c,26 :: 		
0x04BE	0x0600      	DECF        R0, 1, 0
;__Lib_System.c,27 :: 		
0x04C0	0xE1FB      	BNZ         _CC2DL_Loop1
;__Lib_System.c,28 :: 		
0x04C2	0x0601      	DECF        R1, 1, 0
;__Lib_System.c,29 :: 		
0x04C4	0xE1F9      	BNZ         _CC2DL_Loop1
;__Lib_System.c,31 :: 		
L_end___CC2DW:
0x04C6	0x0012      	RETURN      0
; end of ___CC2DW
_Lcd_Init:
;__Lib_Lcd.c,84 :: 		
;__Lib_Lcd.c,86 :: 		
0x04C8	0x9295      	BCF         LCD_EN_Direction, BitPos(LCD_EN_Direction+0) 
;__Lib_Lcd.c,87 :: 		
0x04CA	0x9095      	BCF         LCD_RS_Direction, BitPos(LCD_RS_Direction+0) 
;__Lib_Lcd.c,88 :: 		
0x04CC	0x9495      	BCF         LCD_D4_Direction, BitPos(LCD_D4_Direction+0) 
;__Lib_Lcd.c,89 :: 		
0x04CE	0x9695      	BCF         LCD_D5_Direction, BitPos(LCD_D5_Direction+0) 
;__Lib_Lcd.c,90 :: 		
0x04D0	0x9895      	BCF         LCD_D6_Direction, BitPos(LCD_D6_Direction+0) 
;__Lib_Lcd.c,91 :: 		
0x04D2	0x9A95      	BCF         LCD_D7_Direction, BitPos(LCD_D7_Direction+0) 
;__Lib_Lcd.c,93 :: 		
0x04D4	0x9283      	BCF         LCD_EN, BitPos(LCD_EN+0) 
;__Lib_Lcd.c,94 :: 		
0x04D6	0x9083      	BCF         LCD_RS, BitPos(LCD_RS+0) 
;__Lib_Lcd.c,95 :: 		
0x04D8	0x9A83      	BCF         LCD_D7, BitPos(LCD_D7+0) 
;__Lib_Lcd.c,96 :: 		
0x04DA	0x9883      	BCF         LCD_D6, BitPos(LCD_D6+0) 
;__Lib_Lcd.c,97 :: 		
0x04DC	0x9683      	BCF         LCD_D5, BitPos(LCD_D5+0) 
;__Lib_Lcd.c,98 :: 		
0x04DE	0x9483      	BCF         LCD_D4, BitPos(LCD_D4+0) 
;__Lib_Lcd.c,100 :: 		
0x04E0	0xDDA2      	RCALL       _Delay_5500us
;__Lib_Lcd.c,101 :: 		
0x04E2	0xDDA1      	RCALL       _Delay_5500us
;__Lib_Lcd.c,102 :: 		
0x04E4	0xDDA0      	RCALL       _Delay_5500us
;__Lib_Lcd.c,105 :: 		
0x04E6	0x8683      	BSF         LCD_D5, BitPos(LCD_D5+0) 
;__Lib_Lcd.c,106 :: 		
0x04E8	0x8483      	BSF         LCD_D4, BitPos(LCD_D4+0) 
;__Lib_Lcd.c,107 :: 		
0x04EA	0x8283      	BSF         LCD_EN, BitPos(LCD_EN+0) 
;__Lib_Lcd.c,108 :: 		
0x04EC	0xDDA7      	RCALL       _Delay_1us
;__Lib_Lcd.c,109 :: 		
0x04EE	0x9283      	BCF         LCD_EN, BitPos(LCD_EN+0) 
;__Lib_Lcd.c,110 :: 		
0x04F0	0xDD9A      	RCALL       _Delay_5500us
;__Lib_Lcd.c,112 :: 		
0x04F2	0x8283      	BSF         LCD_EN, BitPos(LCD_EN+0) 
;__Lib_Lcd.c,113 :: 		
0x04F4	0xDDA3      	RCALL       _Delay_1us
;__Lib_Lcd.c,114 :: 		
0x04F6	0x9283      	BCF         LCD_EN, BitPos(LCD_EN+0) 
;__Lib_Lcd.c,115 :: 		
0x04F8	0xDD96      	RCALL       _Delay_5500us
;__Lib_Lcd.c,117 :: 		
0x04FA	0x8283      	BSF         LCD_EN, BitPos(LCD_EN+0) 
;__Lib_Lcd.c,118 :: 		
0x04FC	0xDD9F      	RCALL       _Delay_1us
;__Lib_Lcd.c,119 :: 		
0x04FE	0x9283      	BCF         LCD_EN, BitPos(LCD_EN+0) 
;__Lib_Lcd.c,120 :: 		
0x0500	0xDD92      	RCALL       _Delay_5500us
;__Lib_Lcd.c,123 :: 		
0x0502	0x9483      	BCF         LCD_D4, BitPos(LCD_D4+0) 
;__Lib_Lcd.c,124 :: 		
0x0504	0x8283      	BSF         LCD_EN, BitPos(LCD_EN+0) 
;__Lib_Lcd.c,125 :: 		
0x0506	0xDD9A      	RCALL       _Delay_1us
;__Lib_Lcd.c,126 :: 		
0x0508	0x9283      	BCF         LCD_EN, BitPos(LCD_EN+0) 
;__Lib_Lcd.c,127 :: 		
0x050A	0xDD8D      	RCALL       _Delay_5500us
;__Lib_Lcd.c,130 :: 		
0x050C	0x8283      	BSF         LCD_EN, BitPos(LCD_EN+0) 
;__Lib_Lcd.c,131 :: 		
0x050E	0xDD96      	RCALL       _Delay_1us
;__Lib_Lcd.c,132 :: 		
0x0510	0x9283      	BCF         LCD_EN, BitPos(LCD_EN+0) 
;__Lib_Lcd.c,134 :: 		
0x0512	0x9683      	BCF         LCD_D5, BitPos(LCD_D5+0) 
;__Lib_Lcd.c,135 :: 		
0x0514	0x8A83      	BSF         LCD_D7, BitPos(LCD_D7+0) 
;__Lib_Lcd.c,136 :: 		
0x0516	0x8283      	BSF         LCD_EN, BitPos(LCD_EN+0) 
;__Lib_Lcd.c,137 :: 		
0x0518	0xDD91      	RCALL       _Delay_1us
;__Lib_Lcd.c,138 :: 		
0x051A	0x9283      	BCF         LCD_EN, BitPos(LCD_EN+0) 
;__Lib_Lcd.c,139 :: 		
0x051C	0xDD84      	RCALL       _Delay_5500us
;__Lib_Lcd.c,142 :: 		
0x051E	0x9A83      	BCF         LCD_D7, BitPos(LCD_D7+0) 
;__Lib_Lcd.c,143 :: 		
0x0520	0x8483      	BSF         LCD_D4, BitPos(LCD_D4+0) 
;__Lib_Lcd.c,144 :: 		
0x0522	0x8283      	BSF         LCD_EN, BitPos(LCD_EN+0) 
;__Lib_Lcd.c,145 :: 		
0x0524	0xDD8B      	RCALL       _Delay_1us
;__Lib_Lcd.c,146 :: 		
0x0526	0x9283      	BCF         LCD_EN, BitPos(LCD_EN+0) 
;__Lib_Lcd.c,148 :: 		
0x0528	0x9483      	BCF         LCD_D4, BitPos(LCD_D4+0) 
;__Lib_Lcd.c,149 :: 		
0x052A	0x8283      	BSF         LCD_EN, BitPos(LCD_EN+0) 
;__Lib_Lcd.c,150 :: 		
0x052C	0xDD87      	RCALL       _Delay_1us
;__Lib_Lcd.c,151 :: 		
0x052E	0x9283      	BCF         LCD_EN, BitPos(LCD_EN+0) 
;__Lib_Lcd.c,152 :: 		
0x0530	0xDD7A      	RCALL       _Delay_5500us
;__Lib_Lcd.c,155 :: 		
0x0532	0x8283      	BSF         LCD_EN, BitPos(LCD_EN+0) 
;__Lib_Lcd.c,156 :: 		
0x0534	0xDD83      	RCALL       _Delay_1us
;__Lib_Lcd.c,157 :: 		
0x0536	0x9283      	BCF         LCD_EN, BitPos(LCD_EN+0) 
;__Lib_Lcd.c,159 :: 		
0x0538	0x8483      	BSF         LCD_D4, BitPos(LCD_D4+0) 
;__Lib_Lcd.c,160 :: 		
0x053A	0x8283      	BSF         LCD_EN, BitPos(LCD_EN+0) 
;__Lib_Lcd.c,161 :: 		
0x053C	0xDD7F      	RCALL       _Delay_1us
;__Lib_Lcd.c,162 :: 		
0x053E	0x9283      	BCF         LCD_EN, BitPos(LCD_EN+0) 
;__Lib_Lcd.c,163 :: 		
0x0540	0xDD72      	RCALL       _Delay_5500us
;__Lib_Lcd.c,166 :: 		
0x0542	0x9483      	BCF         LCD_D4, BitPos(LCD_D4+0) 
;__Lib_Lcd.c,167 :: 		
0x0544	0x8283      	BSF         LCD_EN, BitPos(LCD_EN+0) 
;__Lib_Lcd.c,168 :: 		
0x0546	0xDD7A      	RCALL       _Delay_1us
;__Lib_Lcd.c,169 :: 		
0x0548	0x9283      	BCF         LCD_EN, BitPos(LCD_EN+0) 
;__Lib_Lcd.c,171 :: 		
0x054A	0x8A83      	BSF         LCD_D7, BitPos(LCD_D7+0) 
;__Lib_Lcd.c,172 :: 		
0x054C	0x8883      	BSF         LCD_D6, BitPos(LCD_D6+0) 
;__Lib_Lcd.c,173 :: 		
0x054E	0x8683      	BSF         LCD_D5, BitPos(LCD_D5+0) 
;__Lib_Lcd.c,174 :: 		
0x0550	0x8483      	BSF         LCD_D4, BitPos(LCD_D4+0) 
;__Lib_Lcd.c,175 :: 		
0x0552	0x8283      	BSF         LCD_EN, BitPos(LCD_EN+0) 
;__Lib_Lcd.c,176 :: 		
0x0554	0xDD73      	RCALL       _Delay_1us
;__Lib_Lcd.c,177 :: 		
0x0556	0x9283      	BCF         LCD_EN, BitPos(LCD_EN+0) 
;__Lib_Lcd.c,179 :: 		
0x0558	0xDD66      	RCALL       _Delay_5500us
;__Lib_Lcd.c,181 :: 		
0x055A	0x0101      	MOVLB       1
0x055C	0x8114      	BSF         __Lib_Lcd_cmd_status, BitPos(__Lib_Lcd_cmd_status+0), 1
;__Lib_Lcd.c,182 :: 		
L_end_Lcd_Init:
0x055E	0x0012      	RETURN      0
; end of _Lcd_Init
_op1:
;practica9.c,99 :: 		void op1() {
;practica9.c,100 :: 		if (currentOption != 1) {
0x0560	0x0100      	MOVLB       0
0x0562	0x518E      	MOVF        _currentOption, 0, 1
0x0564	0x0A01      	XORLW       1
0x0566	0xE007      	BZ          L_op14
;practica9.c,101 :: 		Lcd_Cmd(_LCD_CLEAR);
0x0568	0x0E01      	MOVLW       1
0x056A	0x0101      	MOVLB       1
0x056C	0x6F25      	MOVWF       FARG_Lcd_Cmd_out_char, 1
0x056E	0xDD69      	RCALL       _Lcd_Cmd
;practica9.c,102 :: 		currentOption = 1;
0x0570	0x0E01      	MOVLW       1
0x0572	0x0100      	MOVLB       0
0x0574	0x6F8E      	MOVWF       _currentOption, 1
;practica9.c,103 :: 		}
L_op14:
;practica9.c,104 :: 		Lcd_out(1, 4, "IPN-UPIICSA");
0x0576	0x0E01      	MOVLW       1
0x0578	0x0101      	MOVLB       1
0x057A	0x6F17      	MOVWF       FARG_Lcd_Out_row, 1
0x057C	0x0E04      	MOVLW       4
0x057E	0x6F18      	MOVWF       FARG_Lcd_Out_column, 1
0x0580	0x0EE2      	MOVLW       ?lstr1_practica9
0x0582	0x6F19      	MOVWF       FARG_Lcd_Out_text, 1
0x0584	0x0E00      	MOVLW       hi_addr(?lstr1_practica9)
0x0586	0x6F1A      	MOVWF       FARG_Lcd_Out_text+1, 1
0x0588	0xDF58      	RCALL       _Lcd_Out
;practica9.c,105 :: 		}
L_end_op1:
0x058A	0x0012      	RETURN      0
; end of _op1
_op3:
;practica9.c,143 :: 		void op3() {
;practica9.c,144 :: 		if (currentOption != 3) {
0x058C	0x0100      	MOVLB       0
0x058E	0x518E      	MOVF        _currentOption, 0, 1
0x0590	0x0A03      	XORLW       3
0x0592	0xE00B      	BZ          L_op311
;practica9.c,145 :: 		Lcd_Cmd(_LCD_CLEAR);
0x0594	0x0E01      	MOVLW       1
0x0596	0x0101      	MOVLB       1
0x0598	0x6F25      	MOVWF       FARG_Lcd_Cmd_out_char, 1
0x059A	0xDD53      	RCALL       _Lcd_Cmd
;practica9.c,146 :: 		currentOption = 3;
0x059C	0x0E03      	MOVLW       3
0x059E	0x0100      	MOVLB       0
0x05A0	0x6F8E      	MOVWF       _currentOption, 1
;practica9.c,147 :: 		pos = 1;
0x05A2	0x0E01      	MOVLW       1
0x05A4	0x6F8F      	MOVWF       _pos, 1
;practica9.c,148 :: 		prev_pos = 1;
0x05A6	0x0E01      	MOVLW       1
0x05A8	0x6F85      	MOVWF       _prev_pos, 1
;practica9.c,149 :: 		}
L_op311:
;practica9.c,150 :: 		clearFrame(prev_pos); // Clear the previous frame
0x05AA	0xF117C085  	MOVFF       _prev_pos, FARG_clearFrame_pos
0x05AE	0xDEA6      	RCALL       _clearFrame
;practica9.c,151 :: 		printFrame1(pos);
0x05B0	0xF117C08F  	MOVFF       _pos, FARG_printFrame1_pos
0x05B4	0xDEE3      	RCALL       _printFrame1
;practica9.c,152 :: 		printFrame2(pos);
0x05B6	0xF117C08F  	MOVFF       _pos, FARG_printFrame2_pos
0x05BA	0xDDE2      	RCALL       _printFrame2
;practica9.c,153 :: 		printFrame3(pos);
0x05BC	0xF117C08F  	MOVFF       _pos, FARG_printFrame3_pos
0x05C0	0xDE3E      	RCALL       _printFrame3
;practica9.c,154 :: 		prev_pos = pos;
0x05C2	0xF085C08F  	MOVFF       _pos, _prev_pos
;practica9.c,155 :: 		Delay_ms(50);
0x05C6	0x0E82      	MOVLW       130
0x05C8	0x6E0C      	MOVWF       R12, 0
0x05CA	0x0EDD      	MOVLW       221
0x05CC	0x6E0D      	MOVWF       R13, 0
L_op312:
0x05CE	0x2E0D      	DECFSZ      R13, 1, 0
0x05D0	0xD7FE      	BRA         L_op312
0x05D2	0x2E0C      	DECFSZ      R12, 1, 0
0x05D4	0xD7FC      	BRA         L_op312
0x05D6	0x0000      	NOP
0x05D8	0x0000      	NOP
;practica9.c,156 :: 		pos++;
0x05DA	0x0100      	MOVLB       0
0x05DC	0x2B8F      	INCF        _pos, 1, 1
;practica9.c,157 :: 		if (pos > 17) { // Adjusted limit to avoid writing beyond the screen
0x05DE	0x518F      	MOVF        _pos, 0, 1
0x05E0	0x0811      	SUBLW       17
0x05E2	0xE202      	BC          L_op313
;practica9.c,158 :: 		pos = 1; // Teleport to the left
0x05E4	0x0E01      	MOVLW       1
0x05E6	0x6F8F      	MOVWF       _pos, 1
;practica9.c,159 :: 		}
L_op313:
;practica9.c,160 :: 		}
L_end_op3:
0x05E8	0x0012      	RETURN      0
; end of _op3
_op2:
;practica9.c,110 :: 		void op2() {
;practica9.c,115 :: 		if (currentOption != 2) {
0x05EA	0x0100      	MOVLB       0
0x05EC	0x518E      	MOVF        _currentOption, 0, 1
0x05EE	0x0A02      	XORLW       2
0x05F0	0xE00A      	BZ          L_op25
;practica9.c,116 :: 		Lcd_Cmd(_LCD_CLEAR);
0x05F2	0x0E01      	MOVLW       1
0x05F4	0x0101      	MOVLB       1
0x05F6	0x6F25      	MOVWF       FARG_Lcd_Cmd_out_char, 1
0x05F8	0xDD24      	RCALL       _Lcd_Cmd
;practica9.c,117 :: 		currentOption = 2;
0x05FA	0x0E02      	MOVLW       2
0x05FC	0x0100      	MOVLB       0
0x05FE	0x6F8E      	MOVWF       _currentOption, 1
;practica9.c,119 :: 		direction = 1;
0x0600	0x0E01      	MOVLW       1
0x0602	0x6FB0      	MOVWF       op2_direction_L0, 1
;practica9.c,120 :: 		cont = 0;
0x0604	0x6BB1      	CLRF        op2_cont_L0, 1
;practica9.c,121 :: 		}
L_op25:
;practica9.c,123 :: 		Lcd_cmd(_LCD_CLEAR);
0x0606	0x0E01      	MOVLW       1
0x0608	0x0101      	MOVLB       1
0x060A	0x6F25      	MOVWF       FARG_Lcd_Cmd_out_char, 1
0x060C	0xDD1A      	RCALL       _Lcd_Cmd
;practica9.c,125 :: 		if (direction) {
0x060E	0x0100      	MOVLB       0
0x0610	0x53B0      	MOVF        op2_direction_L0, 1, 1
0x0612	0xE006      	BZ          L_op26
;practica9.c,126 :: 		cont++;
0x0614	0x2BB1      	INCF        op2_cont_L0, 1, 1
;practica9.c,127 :: 		if (cont == 5) {
0x0616	0x51B1      	MOVF        op2_cont_L0, 0, 1
0x0618	0x0A05      	XORLW       5
0x061A	0xB4D8      	BTFSC       STATUS, 2 
;practica9.c,128 :: 		direction = 0;
0x061C	0x6BB0      	CLRF        op2_direction_L0, 1
;practica9.c,129 :: 		}
L_op27:
;practica9.c,130 :: 		} else {
0x061E	0xD006      	BRA         L_op28
L_op26:
;practica9.c,131 :: 		cont--;
0x0620	0x07B1      	DECF        op2_cont_L0, 1, 1
;practica9.c,132 :: 		if (cont == 0) {
0x0622	0x51B1      	MOVF        op2_cont_L0, 0, 1
0x0624	0x0A00      	XORLW       0
0x0626	0xE102      	BNZ         L_op29
;practica9.c,133 :: 		direction = 1;
0x0628	0x0E01      	MOVLW       1
0x062A	0x6FB0      	MOVWF       op2_direction_L0, 1
;practica9.c,134 :: 		}
L_op29:
;practica9.c,135 :: 		}
L_op28:
;practica9.c,137 :: 		Lcd_out(1, cont, "Hola maquina");
0x062C	0x0E01      	MOVLW       1
0x062E	0x0101      	MOVLB       1
0x0630	0x6F17      	MOVWF       FARG_Lcd_Out_row, 1
0x0632	0xF118C0B1  	MOVFF       op2_cont_L0, FARG_Lcd_Out_column
0x0636	0x0EEE      	MOVLW       ?lstr2_practica9
0x0638	0x6F19      	MOVWF       FARG_Lcd_Out_text, 1
0x063A	0x0E00      	MOVLW       hi_addr(?lstr2_practica9)
0x063C	0x6F1A      	MOVWF       FARG_Lcd_Out_text+1, 1
0x063E	0xDEFD      	RCALL       _Lcd_Out
;practica9.c,138 :: 		Delay_ms(500);
0x0640	0x0E06      	MOVLW       6
0x0642	0x6E0B      	MOVWF       R11, 0
0x0644	0x0E13      	MOVLW       19
0x0646	0x6E0C      	MOVWF       R12, 0
0x0648	0x0EAD      	MOVLW       173
0x064A	0x6E0D      	MOVWF       R13, 0
L_op210:
0x064C	0x2E0D      	DECFSZ      R13, 1, 0
0x064E	0xD7FE      	BRA         L_op210
0x0650	0x2E0C      	DECFSZ      R12, 1, 0
0x0652	0xD7FC      	BRA         L_op210
0x0654	0x2E0B      	DECFSZ      R11, 1, 0
0x0656	0xD7FA      	BRA         L_op210
0x0658	0x0000      	NOP
0x065A	0x0000      	NOP
;practica9.c,139 :: 		}
L_end_op2:
0x065C	0x0012      	RETURN      0
; end of _op2
_main:
0x065E	0xF003ECD0  	CALL        1952, 0
;practica9.c,162 :: 		void main() {
;practica9.c,163 :: 		TRISA = 0xFF;
0x0662	0x0EFF      	MOVLW       255
0x0664	0x6E92      	MOVWF       TRISA 
;practica9.c,164 :: 		ADCON0 = 0X00;
0x0666	0x6AC2      	CLRF        ADCON0 
;practica9.c,165 :: 		ADCON1 = 0X0F;
0x0668	0x0E0F      	MOVLW       15
0x066A	0x6EC1      	MOVWF       ADCON1 
;practica9.c,166 :: 		CMCON = 0X07;
0x066C	0x0E07      	MOVLW       7
0x066E	0x6EB4      	MOVWF       CMCON 
;practica9.c,167 :: 		OSCCON = 0x72;
0x0670	0x0E72      	MOVLW       114
0x0672	0x6ED3      	MOVWF       OSCCON 
;practica9.c,168 :: 		Lcd_Init();
0x0674	0xDF29      	RCALL       _Lcd_Init
;practica9.c,169 :: 		Lcd_cmd(_LCD_CURSOR_OFF);
0x0676	0x0E0C      	MOVLW       12
0x0678	0x6F25      	MOVWF       FARG_Lcd_Cmd_out_char, 1
0x067A	0xDCE3      	RCALL       _Lcd_Cmd
;practica9.c,171 :: 		while(1) {
L_main14:
;practica9.c,187 :: 		if (PORTA.RA0 == 0 && PORTA.RA1 == 0) op1();
0x067C	0xB080      	BTFSC       PORTA, 0 
0x067E	0xD004      	BRA         L_main18
0x0680	0xB280      	BTFSC       PORTA, 1 
0x0682	0xD002      	BRA         L_main18
L__main29:
0x0684	0xDF6D      	RCALL       _op1
0x0686	0xD00B      	BRA         L_main19
L_main18:
;practica9.c,188 :: 		else if (PORTA.RA0 == 0 && PORTA.RA1 == 1) op2();
0x0688	0xB080      	BTFSC       PORTA, 0 
0x068A	0xD004      	BRA         L_main22
0x068C	0xA280      	BTFSS       PORTA, 1 
0x068E	0xD002      	BRA         L_main22
L__main28:
0x0690	0xDFAC      	RCALL       _op2
0x0692	0xD005      	BRA         L_main23
L_main22:
;practica9.c,189 :: 		else if (PORTA.RA0 == 1 && PORTA.RA1 == 0) op3();
0x0694	0xA080      	BTFSS       PORTA, 0 
0x0696	0xD003      	BRA         L_main26
0x0698	0xB280      	BTFSC       PORTA, 1 
0x069A	0xD001      	BRA         L_main26
L__main27:
0x069C	0xDF77      	RCALL       _op3
L_main26:
L_main23:
L_main19:
;practica9.c,190 :: 		}
0x069E	0xD7EE      	BRA         L_main14
;practica9.c,191 :: 		}
L_end_main:
0x06A0	0xD7FF      	BRA         $+0
; end of _main
0x07A0	0xF015EE10  	LFSR        1, 21
0x07A4	0x0EFD      	MOVLW       253
0x07A6	0x6E00      	MOVWF       R0 
0x07A8	0x0E01      	MOVLW       1
0x07AA	0x6E01      	MOVWF       R1 
0x07AC	0x0EA2      	MOVLW       162
0x07AE	0x6EF6      	MOVWF       TBLPTR 
0x07B0	0x0E06      	MOVLW       6
0x07B2	0x6EF7      	MOVWF       TBLPTRH 
0x07B4	0x0E00      	MOVLW       0
0x07B6	0x6EF8      	MOVWF       TBLPTRU 
0x07B8	0xF002EC5C  	CALL        1208, 0
0x07BC	0x0012      	RETURN      0
;practica9.c,0 :: ?ICS_frame34
0x06A2	0x0705 ;?ICS_frame34+0
0x06A4	0x191F ;?ICS_frame34+2
0x06A6	0x161F ;?ICS_frame34+4
0x06A8	0x0606 ;?ICS_frame34+6
; end of ?ICS_frame34
;practica9.c,0 :: ?ICS_frame35
0x06AA	0x180C ;?ICS_frame35+0
0x06AC	0x0110 ;?ICS_frame35+2
0x06AE	0x0101 ;?ICS_frame35+4
0x06B0	0x0000 ;?ICS_frame35+6
; end of ?ICS_frame35
;practica9.c,0 :: ?ICS_frame32
0x06B2	0x0000 ;?ICS_frame32+0
0x06B4	0x0F00 ;?ICS_frame32+2
0x06B6	0x1F1F ;?ICS_frame32+4
0x06B8	0x1F1F ;?ICS_frame32+6
; end of ?ICS_frame32
;practica9.c,0 :: ?ICS_frame33
0x06BA	0x0000 ;?ICS_frame33+0
0x06BC	0x0301 ;?ICS_frame33+2
0x06BE	0x1F1F ;?ICS_frame33+4
0x06C0	0x1F1F ;?ICS_frame33+6
; end of ?ICS_frame33
;practica9.c,0 :: ?ICS_frame36
0x06C2	0x1F1F ;?ICS_frame36+0
0x06C4	0x161E ;?ICS_frame36+2
0x06C6	0x0007 ;?ICS_frame36+4
0x06C8	0x0000 ;?ICS_frame36+6
; end of ?ICS_frame36
;practica9.c,0 :: ?ICS_frame21
0x06CA	0x0000 ;?ICS_frame21+0
0x06CC	0x0700 ;?ICS_frame21+2
0x06CE	0x0E0F ;?ICS_frame21+4
0x06D0	0x181C ;?ICS_frame21+6
; end of ?ICS_frame21
;practica9.c,0 :: ?ICS_frame22
0x06D2	0x0000 ;?ICS_frame22+0
0x06D4	0x0F00 ;?ICS_frame22+2
0x06D6	0x1F1F ;?ICS_frame22+4
0x06D8	0x1F1F ;?ICS_frame22+6
; end of ?ICS_frame22
;practica9.c,0 :: ?ICS_frame37
0x06DA	0x1F1F ;?ICS_frame37+0
0x06DC	0x0303 ;?ICS_frame37+2
0x06DE	0x1402 ;?ICS_frame37+4
0x06E0	0x0204 ;?ICS_frame37+6
; end of ?ICS_frame37
;practica9.c,0 :: ?ICS_frame38
0x06E2	0x1C1C ;?ICS_frame38+0
0x06E4	0x0404 ;?ICS_frame38+2
0x06E6	0x0804 ;?ICS_frame38+4
0x06E8	0x0008 ;?ICS_frame38+6
; end of ?ICS_frame38
;practica9.c,0 :: ?ICS_frame16
0x06EA	0x171F ;?ICS_frame16+0
0x06EC	0x0C06 ;?ICS_frame16+2
0x06EE	0x1010 ;?ICS_frame16+4
0x06F0	0x0000 ;?ICS_frame16+6
; end of ?ICS_frame16
;practica9.c,0 :: ?ICS_frame17
0x06F2	0x1F1F ;?ICS_frame17+0
0x06F4	0x0101 ;?ICS_frame17+2
0x06F6	0x0101 ;?ICS_frame17+4
0x06F8	0x0000 ;?ICS_frame17+6
; end of ?ICS_frame17
;practica9.c,0 :: ?ICS_frame14
0x06FA	0x1F05 ;?ICS_frame14+0
0x06FC	0x1D1D ;?ICS_frame14+2
0x06FE	0x1B1F ;?ICS_frame14+4
0x0700	0x0113 ;?ICS_frame14+6
; end of ?ICS_frame14
;practica9.c,0 :: ?ICS_frame15
0x0702	0x0313 ;?ICS_frame15+0
0x0704	0x0C06 ;?ICS_frame15+2
0x0706	0x1010 ;?ICS_frame15+4
0x0708	0x0000 ;?ICS_frame15+6
; end of ?ICS_frame15
;practica9.c,0 :: ?ICS_frame18
0x070A	0x1810 ;?ICS_frame18+0
0x070C	0x081C ;?ICS_frame18+2
0x070E	0x0008 ;?ICS_frame18+4
0x0710	0x0010 ;?ICS_frame18+6
; end of ?ICS_frame18
;practica9.c,0 :: ?ICS_prev_pos
0x0712	0x01 ;?ICS_prev_pos+0
; end of ?ICS_prev_pos
;practica9.c,0 :: ?ICS_frame31
0x0713	0x0000 ;?ICS_frame31+0
0x0715	0x0300 ;?ICS_frame31+2
0x0717	0x0703 ;?ICS_frame31+4
0x0719	0x0C0C ;?ICS_frame31+6
; end of ?ICS_frame31
;practica9.c,0 :: ?ICS_currentOption
0x071B	0x00 ;?ICS_currentOption+0
; end of ?ICS_currentOption
;practica9.c,0 :: ?ICS_pos
0x071C	0x01 ;?ICS_pos+0
; end of ?ICS_pos
;practica9.c,0 :: ?ICS_frame23
0x071D	0x0000 ;?ICS_frame23+0
0x071F	0x0301 ;?ICS_frame23+2
0x0721	0x1F1F ;?ICS_frame23+4
0x0723	0x1F1F ;?ICS_frame23+6
; end of ?ICS_frame23
;__Lib_FT5XX6.c,0 :: ?ICS__Lib_FT5XX6_OrientPrototype0
0x0725	0x0115 ;?ICS__Lib_FT5XX6_OrientPrototype0+0
0x0727	0x0116 ;?ICS__Lib_FT5XX6_OrientPrototype0+2
0x0729	0x0112 ;?ICS__Lib_FT5XX6_OrientPrototype0+4
0x072B	0x0113 ;?ICS__Lib_FT5XX6_OrientPrototype0+6
; end of ?ICS__Lib_FT5XX6_OrientPrototype0
;__Lib_FT5XX6.c,0 :: ?ICS__Lib_FT5XX6_OrientPrototype1
0x072D	0x0113 ;?ICS__Lib_FT5XX6_OrientPrototype1+0
0x072F	0x0115 ;?ICS__Lib_FT5XX6_OrientPrototype1+2
0x0731	0x0116 ;?ICS__Lib_FT5XX6_OrientPrototype1+4
0x0733	0x0112 ;?ICS__Lib_FT5XX6_OrientPrototype1+6
; end of ?ICS__Lib_FT5XX6_OrientPrototype1
;__Lib_FT5XX6.c,0 :: ?ICS__Lib_FT5XX6_OrientPrototype2
0x0735	0x0112 ;?ICS__Lib_FT5XX6_OrientPrototype2+0
0x0737	0x0113 ;?ICS__Lib_FT5XX6_OrientPrototype2+2
0x0739	0x0115 ;?ICS__Lib_FT5XX6_OrientPrototype2+4
0x073B	0x0116 ;?ICS__Lib_FT5XX6_OrientPrototype2+6
; end of ?ICS__Lib_FT5XX6_OrientPrototype2
;practica9.c,0 :: ?ICSop2_direction_L0
0x073D	0x01 ;?ICSop2_direction_L0+0
; end of ?ICSop2_direction_L0
;practica9.c,0 :: ?ICSop2_cont_L0
0x073E	0x00 ;?ICSop2_cont_L0+0
; end of ?ICSop2_cont_L0
;__Lib_FT5XX6.c,0 :: ?ICS__Lib_FT5XX6_OrientPrototype3
0x073F	0x0116 ;?ICS__Lib_FT5XX6_OrientPrototype3+0
0x0741	0x0112 ;?ICS__Lib_FT5XX6_OrientPrototype3+2
0x0743	0x0113 ;?ICS__Lib_FT5XX6_OrientPrototype3+4
0x0745	0x0115 ;?ICS__Lib_FT5XX6_OrientPrototype3+6
; end of ?ICS__Lib_FT5XX6_OrientPrototype3
;practica9.c,0 :: ?ICS_frame26
0x0747	0x071F ;?ICS_frame26+0
0x0749	0x0E07 ;?ICS_frame26+2
0x074B	0x0106 ;?ICS_frame26+4
0x074D	0x0000 ;?ICS_frame26+6
; end of ?ICS_frame26
;practica9.c,0 :: ?ICS_frame27
0x074F	0x031F ;?ICS_frame27+0
0x0751	0x0103 ;?ICS_frame27+2
0x0753	0x0101 ;?ICS_frame27+4
0x0755	0x0000 ;?ICS_frame27+6
; end of ?ICS_frame27
;practica9.c,0 :: ?ICS_frame24
0x0757	0x1E14 ;?ICS_frame24+0
0x0759	0x1A1A ;?ICS_frame24+2
0x075B	0x1F1F ;?ICS_frame24+4
0x075D	0x1013 ;?ICS_frame24+6
; end of ?ICS_frame24
;practica9.c,0 :: ?ICS_frame25
0x075F	0x1313 ;?ICS_frame25+0
0x0761	0x0202 ;?ICS_frame25+2
0x0763	0x0004 ;?ICS_frame25+4
0x0765	0x0000 ;?ICS_frame25+6
; end of ?ICS_frame25
;practica9.c,0 :: ?ICS_frame28
0x0767	0x1810 ;?ICS_frame28+0
0x0769	0x020C ;?ICS_frame28+2
0x076B	0x1102 ;?ICS_frame28+4
0x076D	0x0000 ;?ICS_frame28+6
; end of ?ICS_frame28
;practica9.c,0 :: ?ICS?lstr1_practica9
0x076F	0x5049 ;?ICS?lstr1_practica9+0
0x0771	0x2D4E ;?ICS?lstr1_practica9+2
0x0773	0x5055 ;?ICS?lstr1_practica9+4
0x0775	0x4949 ;?ICS?lstr1_practica9+6
0x0777	0x5343 ;?ICS?lstr1_practica9+8
0x0779	0x0041 ;?ICS?lstr1_practica9+10
; end of ?ICS?lstr1_practica9
;practica9.c,0 :: ?ICS?lstr2_practica9
0x077B	0x6F48 ;?ICS?lstr2_practica9+0
0x077D	0x616C ;?ICS?lstr2_practica9+2
0x077F	0x6D20 ;?ICS?lstr2_practica9+4
0x0781	0x7161 ;?ICS?lstr2_practica9+6
0x0783	0x6975 ;?ICS?lstr2_practica9+8
0x0785	0x616E ;?ICS?lstr2_practica9+10
0x0787	0x00 ;?ICS?lstr2_practica9+12
; end of ?ICS?lstr2_practica9
;practica9.c,0 :: ?ICS_frame13
0x0788	0x0100 ;?ICS_frame13+0
0x078A	0x0701 ;?ICS_frame13+2
0x078C	0x1F1F ;?ICS_frame13+4
0x078E	0x1F1F ;?ICS_frame13+6
; end of ?ICS_frame13
;practica9.c,0 :: ?ICS_frame11
0x0790	0x0000 ;?ICS_frame11+0
0x0792	0x0F07 ;?ICS_frame11+2
0x0794	0x001F ;?ICS_frame11+4
0x0796	0x1F10 ;?ICS_frame11+6
; end of ?ICS_frame11
;practica9.c,0 :: ?ICS_frame12
0x0798	0x0000 ;?ICS_frame12+0
0x079A	0x1F0E ;?ICS_frame12+2
0x079C	0x1F1F ;?ICS_frame12+4
0x079E	0x1F ;?ICS_frame12+6
; end of ?ICS_frame12
Symbol List:
//** Routines locations **
//ADDRESS    SIZE    PROCEDURE
//----------------------------------------------
0x001C      [10]    _Delay_50us
0x0026      [22]    _Delay_5500us
0x003C       [6]    _Delay_1us
0x0042     [126]    _Lcd_Cmd
0x00C0      [14]    _Lcd_Chr_CP
0x00CE      [94]    _Lcd_Chr
0x012C      [84]    _customChar
0x0180     [190]    _printFrame2
0x023E     [190]    _printFrame3
0x02FC     [128]    _clearFrame
0x037C     [190]    _printFrame1
0x043A     [126]    _Lcd_Out
0x04B8      [16]    ___CC2DW
0x04C8     [152]    _Lcd_Init
0x0560      [44]    _op1
0x058C      [94]    _op3
0x05EA     [116]    _op2
0x065E      [68]    _main
//** Variables locations ** 
//ADDRESS    SIZE    VARIABLE
//----------------------------------------------
0x0000       [1]    __Lib_SoftI2C_PutZerosToLATScl_temp_scl_L0
0x0000       [1]    R0
0x0000       [1]    __Lib_SoftI2C_PutZerosToLATSda_temp_sda_L0
0x0000       [1]    FLASH_Erase_64_SaveINTCON_L0
0x0000       [1]    UART1_Init_tmp_L0
0x0000       [1]    EEPROM_Write_SaveINTCON_L0
0x0000       [1]    SPI1_Write_tmp_L0
0x0001       [1]    __Lib_TFT_JPEG_FileRead_i_L0
0x0001       [1]    __Lib_TFT_JPEG_FileReadBytes_Result_L0
0x0001       [1]    __Lib_TFT_16bit_JPEG_FileReadBytes_Result_L0
0x0001       [1]    __Lib_PS2_Wait_Falling_nsample_L0
0x0001       [1]    __Lib_USB_genHID_?FLOC____Lib_USB_genHID_USB_Handle_BusyT1
0x0001       [1]    FLASH_Erase_Write_64_i_L0
0x0001       [1]    FLASH_Write_32_i_L0
0x0001       [1]    __Lib_Conversions_Adjust_Hex_tmp_L0
0x0001       [1]    __Lib_TFT_16bit_JPEG_FileRead_i_L0
0x0001       [1]    R1
0x0001       [2]    FLASH_Read_N_Bytes_i_L0
0x0001       [1]    ispunct_rslt_L0
0x0001       [1]    UART1_Read___tmp_UART1_Read_L0
0x0002       [2]    strlen_cp_L0
0x0002       [2]    FT5XX6_GetGestureIndex_i_L0
0x0002       [1]    R2
0x0002       [2]    memset_pp_L0
0x0002       [1]    __Lib_USB_genHID_USB_CtrlTrf_Rx_Service_byteToRead_L0
0x0002       [1]    FLASH_Write_32_SaveINTCON_L0
0x0002       [1]    FLASH_Erase_Write_64_j_L0
0x0002       [2]    memcpy_dd_L0
0x0002       [2]    memchr_s_L0
0x0003       [1]    __Lib_USB_genHID_USB_CtrlTrf_Rx_Service_i_L0
0x0003       [2]    __Lib_USB_genHID_USB_CtrlTrf_Tx_Service_byteToSend_L0
0x0003       [2]    memmove_tt_L0
0x0003       [1]    MM_Init_i_L0
0x0003       [1]    __Lib_Sprinti_?FLOC____Lib_Sprinti_Do_FillT29
0x0003       [2]    __Lib_MmcFat16_f16_toInt_l_L0
0x0003       [2]    MM_TotalFreeMemSize_Tot_L0
0x0003       [2]    Ltrim_original_L0
0x0003       [1]    R3
0x0003       [1]    FLASH_Erase_Write_64_SaveINTCON_L0
0x0004       [2]    __Lib_USB_genHID_USB_Transfer_Packet_handle_L0
0x0004       [2]    __Lib_USB_genHID_USB_Get_Status_Handler_p_L2
0x0004       [2]    frexp_pom_L0
0x0004       [2]    __Lib_USB_genHID_USB_Std_Feature_Req_Handler_p_L0
0x0004       [2]    memcpy_ss_L0
0x0004       [2]    strcpy_cp_L0
0x0004       [2]    strcat_cp_L0
0x0004       [1]    R4
0x0004       [2]    __Lib_MemManager_MM_GetMemAlign_P_L0
0x0004       [2]    strncpy_cp_L0
0x0004       [2]    strncat_cp_L0
0x0004       [1]    __Lib_Sprinti_?FLOC____Lib_Sprinti_Do_FillT40
0x0004       [1]    __Lib_USB_genHID_GetMaxIndexInDevDsc_index_L0
0x0005       [1]    R5
0x0005       [1]    __Lib_Sprinti_?FLOC____Lib_Sprinti_Do_FillT54
0x0005       [2]    Ltrim_p_L0
0x0005       [2]    LongWordToHex_input_half_L0
0x0005       [2]    memmove_ff_L0
0x0005       [1]    MM_TotalFreeMemSize_i_L0
0x0005       [2]    LongIntToHex_input_half_L0
0x0006       [1]    __Lib_MemManager_MM_GetMemAlign_i_L0
0x0006       [2]    __Lib_USB_genHID_GetMaxIndexInConfigDsc_totalLen_L0
0x0006       [1]    R6
0x0006       [1]    __Lib_Sprinti_?FLOC____Lib_Sprinti_Do_FillT69
0x0007       [1]    R7
0x0007       [1]    __Lib_TFT_JPEG_GenerateHuffmanTables_bLength_L0
0x0007       [1]    __Lib_TFT_16bit_JPEG_GenerateHuffmanTables_bLength_L0
0x0008       [1]    R8
0x0008       [1]    __Lib_TFT_16bit_JPEG_GenerateHuffmanTables_bTable_L0
0x0008       [3]    __Lib_USB_genHID_GetMaxIndexInConfigDsc_ptr_L0
0x0008       [1]    __Lib_TFT_JPEG_GenerateHuffmanTables_bTable_L0
0x0009       [4]    __Lib_MmcFat16_f16_toLong_l_L0
0x0009       [1]    R9
0x000A       [1]    R10
0x000B       [1]    R11
0x000C       [1]    R12
0x000D       [1]    R13
0x000E       [1]    R14
0x000F       [1]    R15
0x0010       [1]    R16
0x0011       [1]    R17
0x0012       [1]    R18
0x0013       [1]    R19
0x0014       [1]    R20
0x0015       [8]    _frame34
0x001D       [8]    _frame35
0x0025       [8]    _frame32
0x002D       [8]    _frame33
0x0035       [8]    _frame36
0x003D       [8]    _frame21
0x0045       [8]    _frame22
0x004D       [8]    _frame37
0x0055       [8]    _frame38
0x005D       [8]    _frame16
0x0065       [8]    _frame17
0x006D       [8]    _frame14
0x0075       [8]    _frame15
0x007D       [8]    _frame18
0x0085       [1]    _prev_pos
0x0086       [8]    _frame31
0x008E       [1]    _currentOption
0x008F       [1]    _pos
0x0090       [8]    _frame23
0x0098       [8]    __Lib_FT5XX6_OrientPrototype0
0x00A0       [8]    __Lib_FT5XX6_OrientPrototype1
0x00A8       [8]    __Lib_FT5XX6_OrientPrototype2
0x00B0       [1]    op2_direction_L0
0x00B1       [1]    op2_cont_L0
0x00B2       [8]    __Lib_FT5XX6_OrientPrototype3
0x00BA       [8]    _frame26
0x00C2       [8]    _frame27
0x00CA       [8]    _frame24
0x00D2       [8]    _frame25
0x00DA       [8]    _frame28
0x00E2      [12]    ?lstr1_practica9
0x00EE      [13]    ?lstr2_practica9
0x00FB       [8]    _frame13
0x0103       [8]    _frame11
0x010B       [7]    _frame12
0x0112       [1]    _ft5xx6_gest_move_down
0x0113       [1]    _ft5xx6_gest_move_left
0x0114       [0]    __Lib_Lcd_cmd_status
0x0115       [1]    _ft5xx6_gest_move_up
0x0116       [1]    _ft5xx6_gest_move_right
0x0117       [1]    FARG_printFrame1_pos
0x0117       [1]    FARG_clearFrame_pos
0x0117       [1]    FARG_printFrame3_pos
0x0117       [1]    FARG_Lcd_Out_row
0x0117       [1]    FARG_printFrame2_pos
0x0118       [1]    FARG_Lcd_Out_column
0x0119       [2]    FARG_Lcd_Out_text
0x011B       [1]    Lcd_Out_i_L0
0x011C       [1]    FARG_customChar_pos_row
0x011D       [1]    FARG_customChar_pos_char
0x011E       [2]    FARG_customChar_character
0x0120       [1]    FARG_customChar_location
0x0121       [1]    customChar_i_L0
0x0122       [1]    FARG_Lcd_Chr_row
0x0122       [1]    FARG_Lcd_Chr_CP_out_char
0x0123       [1]    FARG_Lcd_Chr_column
0x0124       [1]    FARG_Lcd_Chr_out_char
0x0125       [1]    FARG_Lcd_Cmd_out_char
0x0F80       [1]    PORTA
0x0F83       [0]    LCD_D4
0x0F83       [0]    RD2_bit
0x0F83       [0]    RD3_bit
0x0F83       [0]    RD0_bit
0x0F83       [0]    RD1_bit
0x0F83       [0]    LCD_D6
0x0F83       [0]    RD4_bit
0x0F83       [0]    LCD_D7
0x0F83       [0]    RD5_bit
0x0F83       [0]    LCD_EN
0x0F83       [0]    LCD_RS
0x0F83       [0]    LCD_D5
0x0F92       [1]    TRISA
0x0F95       [0]    LCD_D7_Direction
0x0F95       [0]    LCD_D6_Direction
0x0F95       [0]    TRISD0_bit
0x0F95       [0]    LCD_EN_Direction
0x0F95       [0]    LCD_D4_Direction
0x0F95       [0]    LCD_RS_Direction
0x0F95       [0]    TRISD5_bit
0x0F95       [0]    TRISD4_bit
0x0F95       [0]    TRISD3_bit
0x0F95       [0]    TRISD1_bit
0x0F95       [0]    LCD_D5_Direction
0x0F95       [0]    TRISD2_bit
0x0FB4       [1]    CMCON
0x0FC1       [1]    ADCON1
0x0FC2       [1]    ADCON0
0x0FD3       [1]    OSCCON
0x0FD8       [1]    STATUS
0x0FD9       [1]    FSR2L
0x0FDA       [1]    FSR2H
0x0FDE       [1]    POSTINC2
0x0FE0       [1]    BSR
0x0FE1       [1]    FSR1L
0x0FE2       [1]    FSR1H
0x0FE4       [1]    PREINC1
0x0FE6       [1]    POSTINC1
0x0FE7       [1]    INDF1
0x0FE8       [1]    WREG
0x0FE9       [1]    FSR0L
0x0FEA       [1]    FSR0H
0x0FEE       [1]    POSTINC0
0x0FF3       [1]    PRODL
0x0FF4       [1]    PRODH
0x0FF5       [1]    TABLAT
0x0FF6       [1]    TBLPTRL
0x0FF6       [3]    TBLPTR
0x0FF7       [1]    TBLPTRH
0x0FF8       [1]    TBLPTRU
//** Constants locations ** 
//ADDRESS    SIZE    CONSTANT
//----------------------------------------------
0x06A2       [8]    ?ICS_frame34
0x06AA       [8]    ?ICS_frame35
0x06B2       [8]    ?ICS_frame32
0x06BA       [8]    ?ICS_frame33
0x06C2       [8]    ?ICS_frame36
0x06CA       [8]    ?ICS_frame21
0x06D2       [8]    ?ICS_frame22
0x06DA       [8]    ?ICS_frame37
0x06E2       [8]    ?ICS_frame38
0x06EA       [8]    ?ICS_frame16
0x06F2       [8]    ?ICS_frame17
0x06FA       [8]    ?ICS_frame14
0x0702       [8]    ?ICS_frame15
0x070A       [8]    ?ICS_frame18
0x0712       [1]    ?ICS_prev_pos
0x0713       [8]    ?ICS_frame31
0x071B       [1]    ?ICS_currentOption
0x071C       [1]    ?ICS_pos
0x071D       [8]    ?ICS_frame23
0x0725       [8]    ?ICS__Lib_FT5XX6_OrientPrototype0
0x072D       [8]    ?ICS__Lib_FT5XX6_OrientPrototype1
0x0735       [8]    ?ICS__Lib_FT5XX6_OrientPrototype2
0x073D       [1]    ?ICSop2_direction_L0
0x073E       [1]    ?ICSop2_cont_L0
0x073F       [8]    ?ICS__Lib_FT5XX6_OrientPrototype3
0x0747       [8]    ?ICS_frame26
0x074F       [8]    ?ICS_frame27
0x0757       [8]    ?ICS_frame24
0x075F       [8]    ?ICS_frame25
0x0767       [8]    ?ICS_frame28
0x076F      [12]    ?ICS?lstr1_practica9
0x077B      [13]    ?ICS?lstr2_practica9
0x0788       [8]    ?ICS_frame13
0x0790       [8]    ?ICS_frame11
0x0798       [7]    ?ICS_frame12
